# JRE version: OpenJDK Runtime Environment (8.0_242-b01) (build 1.8.0_242-release-1644-b01)
# Java VM: OpenJDK 64-Bit Server VM (25.242-b01 mixed mode windows-amd64 compressed oops)
Heap:
 PSYoungGen      total 536064K, used 403200K [0x00000000d5580000, 0x00000000fbc80000, 0x0000000100000000)
  eden space 462848K, 81% used [0x00000000d5580000,0x00000000ec4e60f8,0x00000000f1980000)
  from space 73216K, 36% used [0x00000000f7500000,0x00000000f8f5a0c8,0x00000000fbc80000)
  to   space 83456K, 0% used [0x00000000f1980000,0x00000000f1980000,0x00000000f6b00000)
 ParOldGen       total 322048K, used 173423K [0x0000000080000000, 0x0000000093a80000, 0x00000000d5580000)
  object space 322048K, 53% used [0x0000000080000000,0x000000008a95bf90,0x0000000093a80000)
 Metaspace       used 118337K, capacity 123646K, committed 124056K, reserved 1157120K
  class space    used 14824K, capacity 15903K, committed 16048K, reserved 1048576K
GC Heap History (10 events):
Event: 31.381 GC heap before
{Heap before GC invocations=23 (full 4):
 PSYoungGen      total 412672K, used 408213K [0x00000000d5580000, 0x00000000f2600000, 0x0000000100000000)
  eden space 371200K, 99% used [0x00000000d5580000,0x00000000ebfab370,0x00000000ec000000)
  from space 41472K, 90% used [0x00000000eed80000,0x00000000f11fa3f8,0x00000000f1600000)
  to   space 46592K, 0% used [0x00000000ec000000,0x00000000ec000000,0x00000000eed80000)
 ParOldGen       total 186368K, used 81952K [0x0000000080000000, 0x000000008b600000, 0x00000000d5580000)
  object space 186368K, 43% used [0x0000000080000000,0x00000000850082c8,0x000000008b600000)
 Metaspace       used 108419K, capacity 113264K, committed 113560K, reserved 1148928K
  class space    used 14047K, capacity 14992K, committed 15024K, reserved 1048576K
Event: 31.431 GC heap after
Heap after GC invocations=23 (full 4):
 PSYoungGen      total 417792K, used 46574K [0x00000000d5580000, 0x00000000f7680000, 0x0000000100000000)
  eden space 371200K, 0% used [0x00000000d5580000,0x00000000d5580000,0x00000000ec000000)
  from space 46592K, 99% used [0x00000000ec000000,0x00000000eed7ba40,0x00000000eed80000)
  to   space 58368K, 0% used [0x00000000f3d80000,0x00000000f3d80000,0x00000000f7680000)
 ParOldGen       total 186368K, used 93060K [0x0000000080000000, 0x000000008b600000, 0x00000000d5580000)
  object space 186368K, 49% used [0x0000000080000000,0x0000000085ae1208,0x000000008b600000)
 Metaspace       used 108419K, capacity 113264K, committed 113560K, reserved 1148928K
  class space    used 14047K, capacity 14992K, committed 15024K, reserved 1048576K
}
Event: 33.429 GC heap before
{Heap before GC invocations=24 (full 4):
 PSYoungGen      total 417792K, used 417357K [0x00000000d5580000, 0x00000000f7680000, 0x0000000100000000)
  eden space 371200K, 99% used [0x00000000d5580000,0x00000000ebf97a60,0x00000000ec000000)
  from space 46592K, 99% used [0x00000000ec000000,0x00000000eed7ba40,0x00000000eed80000)
  to   space 58368K, 0% used [0x00000000f3d80000,0x00000000f3d80000,0x00000000f7680000)
 ParOldGen       total 186368K, used 93060K [0x0000000080000000, 0x000000008b600000, 0x00000000d5580000)
  object space 186368K, 49% used [0x0000000080000000,0x0000000085ae1208,0x000000008b600000)
 Metaspace       used 109506K, capacity 114592K, committed 114840K, reserved 1148928K
  class space    used 14151K, capacity 15182K, committed 15280K, reserved 1048576K
Event: 33.682 GC heap after
Heap after GC invocations=24 (full 4):
 PSYoungGen      total 465920K, used 58347K [0x00000000d5580000, 0x00000000fca80000, 0x0000000100000000)
  eden space 407552K, 0% used [0x00000000d5580000,0x00000000d5580000,0x00000000ee380000)
  from space 58368K, 99% used [0x00000000f3d80000,0x00000000f767ad58,0x00000000f7680000)
  to   space 92160K, 0% used [0x00000000ee380000,0x00000000ee380000,0x00000000f3d80000)
 ParOldGen       total 186368K, used 158204K [0x0000000080000000, 0x000000008b600000, 0x00000000d5580000)
  object space 186368K, 84% used [0x0000000080000000,0x0000000089a7f2d8,0x000000008b600000)
 Metaspace       used 109506K, capacity 114592K, committed 114840K, reserved 1148928K
  class space    used 14151K, capacity 15182K, committed 15280K, reserved 1048576K
}
Event: 33.682 GC heap before
{Heap before GC invocations=25 (full 5):
 PSYoungGen      total 465920K, used 58347K [0x00000000d5580000, 0x00000000fca80000, 0x0000000100000000)
  eden space 407552K, 0% used [0x00000000d5580000,0x00000000d5580000,0x00000000ee380000)
  from space 58368K, 99% used [0x00000000f3d80000,0x00000000f767ad58,0x00000000f7680000)
  to   space 92160K, 0% used [0x00000000ee380000,0x00000000ee380000,0x00000000f3d80000)
 ParOldGen       total 186368K, used 158204K [0x0000000080000000, 0x000000008b600000, 0x00000000d5580000)
  object space 186368K, 84% used [0x0000000080000000,0x0000000089a7f2d8,0x000000008b600000)
 Metaspace       used 109506K, capacity 114592K, committed 114840K, reserved 1148928K
  class space    used 14151K, capacity 15182K, committed 15280K, reserved 1048576K
Event: 34.696 GC heap after
Heap after GC invocations=25 (full 5):
 PSYoungGen      total 465920K, used 0K [0x00000000d5580000, 0x00000000fca80000, 0x0000000100000000)
  eden space 407552K, 0% used [0x00000000d5580000,0x00000000d5580000,0x00000000ee380000)
  from space 58368K, 0% used [0x00000000f3d80000,0x00000000f3d80000,0x00000000f7680000)
  to   space 92160K, 0% used [0x00000000ee380000,0x00000000ee380000,0x00000000f3d80000)
 ParOldGen       total 322048K, used 173407K [0x0000000080000000, 0x0000000093a80000, 0x00000000d5580000)
  object space 322048K, 53% used [0x0000000080000000,0x000000008a957f90,0x0000000093a80000)
 Metaspace       used 109120K, capacity 113738K, committed 114840K, reserved 1148928K
  class space    used 14016K, capacity 14934K, committed 15280K, reserved 1048576K
}
Event: 43.418 GC heap before
{Heap before GC invocations=26 (full 5):
 PSYoungGen      total 465920K, used 407552K [0x00000000d5580000, 0x00000000fca80000, 0x0000000100000000)
  eden space 407552K, 100% used [0x00000000d5580000,0x00000000ee380000,0x00000000ee380000)
  from space 58368K, 0% used [0x00000000f3d80000,0x00000000f3d80000,0x00000000f7680000)
  to   space 92160K, 0% used [0x00000000ee380000,0x00000000ee380000,0x00000000f3d80000)
 ParOldGen       total 322048K, used 173407K [0x0000000080000000, 0x0000000093a80000, 0x00000000d5580000)
  object space 322048K, 53% used [0x0000000080000000,0x000000008a957f90,0x0000000093a80000)
 Metaspace       used 112205K, capacity 117064K, committed 117656K, reserved 1150976K
  class space    used 14332K, capacity 15302K, committed 15536K, reserved 1048576K
Event: 43.453 GC heap after
Heap after GC invocations=26 (full 5):
 PSYoungGen      total 499712K, used 21641K [0x00000000d5580000, 0x00000000fcb00000, 0x0000000100000000)
  eden space 407552K, 0% used [0x00000000d5580000,0x00000000d5580000,0x00000000ee380000)
  from space 92160K, 23% used [0x00000000ee380000,0x00000000ef8a2478,0x00000000f3d80000)
  to   space 88064K, 0% used [0x00000000f7500000,0x00000000f7500000,0x00000000fcb00000)
 ParOldGen       total 322048K, used 173415K [0x0000000080000000, 0x0000000093a80000, 0x00000000d5580000)
  object space 322048K, 53% used [0x0000000080000000,0x000000008a959f90,0x0000000093a80000)
 Metaspace       used 112205K, capacity 117064K, committed 117656K, reserved 1150976K
  class space    used 14332K, capacity 15302K, committed 15536K, reserved 1048576K
}
Event: 45.279 GC heap before
{Heap before GC invocations=27 (full 5):
 PSYoungGen      total 499712K, used 429193K [0x00000000d5580000, 0x00000000fcb00000, 0x0000000100000000)
  eden space 407552K, 100% used [0x00000000d5580000,0x00000000ee380000,0x00000000ee380000)
  from space 92160K, 23% used [0x00000000ee380000,0x00000000ef8a2478,0x00000000f3d80000)
  to   space 88064K, 0% used [0x00000000f7500000,0x00000000f7500000,0x00000000fcb00000)
 ParOldGen       total 322048K, used 173415K [0x0000000080000000, 0x0000000093a80000, 0x00000000d5580000)
  object space 322048K, 53% used [0x0000000080000000,0x000000008a959f90,0x0000000093a80000)
 Metaspace       used 113852K, capacity 118916K, committed 119320K, reserved 1153024K
  class space    used 14506K, capacity 15530K, committed 15664K, reserved 1048576K
Event: 45.311 GC heap after
Heap after GC invocations=27 (full 5):
 PSYoungGen      total 536064K, used 26984K [0x00000000d5580000, 0x00000000fbc80000, 0x0000000100000000)
  eden space 462848K, 0% used [0x00000000d5580000,0x00000000d5580000,0x00000000f1980000)
  from space 73216K, 36% used [0x00000000f7500000,0x00000000f8f5a0c8,0x00000000fbc80000)
  to   space 83456K, 0% used [0x00000000f1980000,0x00000000f1980000,0x00000000f6b00000)
 ParOldGen       total 322048K, used 173423K [0x0000000080000000, 0x0000000093a80000, 0x00000000d5580000)
  object space 322048K, 53% used [0x0000000080000000,0x000000008a95bf90,0x0000000093a80000)
 Metaspace       used 113852K, capacity 118916K, committed 119320K, reserved 1153024K
  class space    used 14506K, capacity 15530K, committed 15664K, reserved 1048576K
}

