# JRE version: OpenJDK Runtime Environment (8.0_242-b01) (build 1.8.0_242-release-1644-b01)
# Java VM: OpenJDK 64-Bit Server VM (25.242-b01 mixed mode windows-amd64 compressed oops)
Heap:
 PSYoungGen      total 259072K, used 141672K [0x00000000d5580000, 0x00000000e7e00000, 0x0000000100000000)
  eden space 217600K, 59% used [0x00000000d5580000,0x00000000dd35de10,0x00000000e2a00000)
  from space 41472K, 30% used [0x00000000e5580000,0x00000000e61fc268,0x00000000e7e00000)
  to   space 43008K, 0% used [0x00000000e2a00000,0x00000000e2a00000,0x00000000e5400000)
 ParOldGen       total 216064K, used 70818K [0x0000000080000000, 0x000000008d300000, 0x00000000d5580000)
  object space 216064K, 32% used [0x0000000080000000,0x00000000845288f0,0x000000008d300000)
 Metaspace       used 92999K, capacity 98314K, committed 98892K, reserved 1134592K
  class space    used 12409K, capacity 13409K, committed 13568K, reserved 1048576K
GC Heap History (10 events):
Event: 176.977 GC heap before
{Heap before GC invocations=26 (full 3):
 PSYoungGen      total 212480K, used 202939K [0x00000000d5580000, 0x00000000e4c00000, 0x0000000100000000)
  eden space 176640K, 100% used [0x00000000d5580000,0x00000000e0200000,0x00000000e0200000)
  from space 35840K, 73% used [0x00000000e2900000,0x00000000e42aedf8,0x00000000e4c00000)
  to   space 37888K, 0% used [0x00000000e0200000,0x00000000e0200000,0x00000000e2700000)
 ParOldGen       total 138240K, used 78187K [0x0000000080000000, 0x0000000088700000, 0x00000000d5580000)
  object space 138240K, 56% used [0x0000000080000000,0x0000000084c5ac90,0x0000000088700000)
 Metaspace       used 92046K, capacity 97654K, committed 98008K, reserved 1134592K
  class space    used 12446K, capacity 13479K, committed 13568K, reserved 1048576K
Event: 177.020 GC heap after
Heap after GC invocations=26 (full 3):
 PSYoungGen      total 214528K, used 26283K [0x00000000d5580000, 0x00000000e6580000, 0x0000000100000000)
  eden space 176640K, 0% used [0x00000000d5580000,0x00000000d5580000,0x00000000e0200000)
  from space 37888K, 69% used [0x00000000e0200000,0x00000000e1baae28,0x00000000e2700000)
  to   space 39424K, 0% used [0x00000000e3f00000,0x00000000e3f00000,0x00000000e6580000)
 ParOldGen       total 138240K, used 78195K [0x0000000080000000, 0x0000000088700000, 0x00000000d5580000)
  object space 138240K, 56% used [0x0000000080000000,0x0000000084c5cc90,0x0000000088700000)
 Metaspace       used 92046K, capacity 97654K, committed 98008K, reserved 1134592K
  class space    used 12446K, capacity 13479K, committed 13568K, reserved 1048576K
}
Event: 202.858 GC heap before
{Heap before GC invocations=27 (full 3):
 PSYoungGen      total 214528K, used 202923K [0x00000000d5580000, 0x00000000e6580000, 0x0000000100000000)
  eden space 176640K, 100% used [0x00000000d5580000,0x00000000e0200000,0x00000000e0200000)
  from space 37888K, 69% used [0x00000000e0200000,0x00000000e1baae28,0x00000000e2700000)
  to   space 39424K, 0% used [0x00000000e3f00000,0x00000000e3f00000,0x00000000e6580000)
 ParOldGen       total 138240K, used 78195K [0x0000000080000000, 0x0000000088700000, 0x00000000d5580000)
  object space 138240K, 56% used [0x0000000080000000,0x0000000084c5cc90,0x0000000088700000)
 Metaspace       used 92564K, capacity 98170K, committed 98264K, reserved 1134592K
  class space    used 12453K, capacity 13487K, committed 13568K, reserved 1048576K
Event: 202.901 GC heap after
Heap after GC invocations=27 (full 3):
 PSYoungGen      total 235520K, used 33564K [0x00000000d5580000, 0x00000000e6900000, 0x0000000100000000)
  eden space 196096K, 0% used [0x00000000d5580000,0x00000000d5580000,0x00000000e1500000)
  from space 39424K, 85% used [0x00000000e3f00000,0x00000000e5fc71d8,0x00000000e6580000)
  to   space 43008K, 0% used [0x00000000e1500000,0x00000000e1500000,0x00000000e3f00000)
 ParOldGen       total 138240K, used 78203K [0x0000000080000000, 0x0000000088700000, 0x00000000d5580000)
  object space 138240K, 56% used [0x0000000080000000,0x0000000084c5ec90,0x0000000088700000)
 Metaspace       used 92564K, capacity 98170K, committed 98264K, reserved 1134592K
  class space    used 12453K, capacity 13487K, committed 13568K, reserved 1048576K
}
Event: 203.654 GC heap before
{Heap before GC invocations=28 (full 3):
 PSYoungGen      total 235520K, used 65505K [0x00000000d5580000, 0x00000000e6900000, 0x0000000100000000)
  eden space 196096K, 16% used [0x00000000d5580000,0x00000000d74b13f8,0x00000000e1500000)
  from space 39424K, 85% used [0x00000000e3f00000,0x00000000e5fc71d8,0x00000000e6580000)
  to   space 43008K, 0% used [0x00000000e1500000,0x00000000e1500000,0x00000000e3f00000)
 ParOldGen       total 138240K, used 78203K [0x0000000080000000, 0x0000000088700000, 0x00000000d5580000)
  object space 138240K, 56% used [0x0000000080000000,0x0000000084c5ec90,0x0000000088700000)
 Metaspace       used 92613K, capacity 98244K, committed 98380K, reserved 1134592K
  class space    used 12454K, capacity 13488K, committed 13568K, reserved 1048576K
Event: 203.680 GC heap after
Heap after GC invocations=28 (full 3):
 PSYoungGen      total 239104K, used 28008K [0x00000000d5580000, 0x00000000e8080000, 0x0000000100000000)
  eden space 196096K, 0% used [0x00000000d5580000,0x00000000d5580000,0x00000000e1500000)
  from space 43008K, 65% used [0x00000000e1500000,0x00000000e305a0d8,0x00000000e3f00000)
  to   space 44032K, 0% used [0x00000000e5580000,0x00000000e5580000,0x00000000e8080000)
 ParOldGen       total 138240K, used 78211K [0x0000000080000000, 0x0000000088700000, 0x00000000d5580000)
  object space 138240K, 56% used [0x0000000080000000,0x0000000084c60c90,0x0000000088700000)
 Metaspace       used 92613K, capacity 98244K, committed 98380K, reserved 1134592K
  class space    used 12454K, capacity 13488K, committed 13568K, reserved 1048576K
}
Event: 203.680 GC heap before
{Heap before GC invocations=29 (full 4):
 PSYoungGen      total 239104K, used 28008K [0x00000000d5580000, 0x00000000e8080000, 0x0000000100000000)
  eden space 196096K, 0% used [0x00000000d5580000,0x00000000d5580000,0x00000000e1500000)
  from space 43008K, 65% used [0x00000000e1500000,0x00000000e305a0d8,0x00000000e3f00000)
  to   space 44032K, 0% used [0x00000000e5580000,0x00000000e5580000,0x00000000e8080000)
 ParOldGen       total 138240K, used 78211K [0x0000000080000000, 0x0000000088700000, 0x00000000d5580000)
  object space 138240K, 56% used [0x0000000080000000,0x0000000084c60c90,0x0000000088700000)
 Metaspace       used 92613K, capacity 98244K, committed 98380K, reserved 1134592K
  class space    used 12454K, capacity 13488K, committed 13568K, reserved 1048576K
Event: 204.353 GC heap after
Heap after GC invocations=29 (full 4):
 PSYoungGen      total 239104K, used 0K [0x00000000d5580000, 0x00000000e8080000, 0x0000000100000000)
  eden space 196096K, 0% used [0x00000000d5580000,0x00000000d5580000,0x00000000e1500000)
  from space 43008K, 0% used [0x00000000e1500000,0x00000000e1500000,0x00000000e3f00000)
  to   space 44032K, 0% used [0x00000000e5580000,0x00000000e5580000,0x00000000e8080000)
 ParOldGen       total 216064K, used 70810K [0x0000000080000000, 0x000000008d300000, 0x00000000d5580000)
  object space 216064K, 32% used [0x0000000080000000,0x00000000845268f0,0x000000008d300000)
 Metaspace       used 92124K, capacity 96848K, committed 98380K, reserved 1134592K
  class space    used 12295K, capacity 13206K, committed 13568K, reserved 1048576K
}
Event: 412.540 GC heap before
{Heap before GC invocations=30 (full 4):
 PSYoungGen      total 239104K, used 196096K [0x00000000d5580000, 0x00000000e8080000, 0x0000000100000000)
  eden space 196096K, 100% used [0x00000000d5580000,0x00000000e1500000,0x00000000e1500000)
  from space 43008K, 0% used [0x00000000e1500000,0x00000000e1500000,0x00000000e3f00000)
  to   space 44032K, 0% used [0x00000000e5580000,0x00000000e5580000,0x00000000e8080000)
 ParOldGen       total 216064K, used 70810K [0x0000000080000000, 0x000000008d300000, 0x00000000d5580000)
  object space 216064K, 32% used [0x0000000080000000,0x00000000845268f0,0x000000008d300000)
 Metaspace       used 92491K, capacity 97404K, committed 98636K, reserved 1134592K
  class space    used 12330K, capacity 13264K, committed 13568K, reserved 1048576K
Event: 412.558 GC heap after
Heap after GC invocations=30 (full 4):
 PSYoungGen      total 259072K, used 12784K [0x00000000d5580000, 0x00000000e7e00000, 0x0000000100000000)
  eden space 217600K, 0% used [0x00000000d5580000,0x00000000d5580000,0x00000000e2a00000)
  from space 41472K, 30% used [0x00000000e5580000,0x00000000e61fc268,0x00000000e7e00000)
  to   space 43008K, 0% used [0x00000000e2a00000,0x00000000e2a00000,0x00000000e5400000)
 ParOldGen       total 216064K, used 70818K [0x0000000080000000, 0x000000008d300000, 0x00000000d5580000)
  object space 216064K, 32% used [0x0000000080000000,0x00000000845288f0,0x000000008d300000)
 Metaspace       used 92491K, capacity 97404K, committed 98636K, reserved 1134592K
  class space    used 12330K, capacity 13264K, committed 13568K, reserved 1048576K
}

