# JRE version: OpenJDK Runtime Environment (8.0_242-b01) (build 1.8.0_242-release-1644-b01)
# Java VM: OpenJDK 64-Bit Server VM (25.242-b01 mixed mode windows-amd64 compressed oops)
Heap:
 PSYoungGen      total 573440K, used 335414K [0x00000000d5580000, 0x00000000ff700000, 0x0000000100000000)
  eden space 466432K, 65% used [0x00000000d5580000,0x00000000e7dc6978,0x00000000f1d00000)
  from space 107008K, 29% used [0x00000000f8e80000,0x00000000fadc70d8,0x00000000ff700000)
  to   space 111616K, 0% used [0x00000000f1d00000,0x00000000f1d00000,0x00000000f8a00000)
 ParOldGen       total 257536K, used 92296K [0x0000000080000000, 0x000000008fb80000, 0x00000000d5580000)
  object space 257536K, 35% used [0x0000000080000000,0x0000000085a22130,0x000000008fb80000)
 Metaspace       used 118662K, capacity 124323K, committed 124568K, reserved 1157120K
  class space    used 15011K, capacity 16158K, committed 16304K, reserved 1048576K
GC Heap History (10 events):
Event: 233.584 GC heap before
{Heap before GC invocations=25 (full 4):
 PSYoungGen      total 497152K, used 463432K [0x00000000d5580000, 0x00000000f9080000, 0x0000000100000000)
  eden space 415744K, 100% used [0x00000000d5580000,0x00000000eeb80000,0x00000000eeb80000)
  from space 81408K, 58% used [0x00000000f3c80000,0x00000000f6b12118,0x00000000f8c00000)
  to   space 82944K, 0% used [0x00000000eeb80000,0x00000000eeb80000,0x00000000f3c80000)
 ParOldGen       total 274432K, used 158205K [0x0000000080000000, 0x0000000090c00000, 0x00000000d5580000)
  object space 274432K, 57% used [0x0000000080000000,0x0000000089a7f648,0x0000000090c00000)
 Metaspace       used 115190K, capacity 120761K, committed 121112K, reserved 1155072K
  class space    used 14659K, capacity 15809K, committed 15920K, reserved 1048576K
Event: 233.656 GC heap after
Heap after GC invocations=25 (full 4):
 PSYoungGen      total 498688K, used 57258K [0x00000000d5580000, 0x00000000fc580000, 0x0000000100000000)
  eden space 415744K, 0% used [0x00000000d5580000,0x00000000d5580000,0x00000000eeb80000)
  from space 82944K, 69% used [0x00000000eeb80000,0x00000000f236a828,0x00000000f3c80000)
  to   space 87552K, 0% used [0x00000000f7000000,0x00000000f7000000,0x00000000fc580000)
 ParOldGen       total 274432K, used 158213K [0x0000000080000000, 0x0000000090c00000, 0x00000000d5580000)
  object space 274432K, 57% used [0x0000000080000000,0x0000000089a81648,0x0000000090c00000)
 Metaspace       used 115190K, capacity 120761K, committed 121112K, reserved 1155072K
  class space    used 14659K, capacity 15809K, committed 15920K, reserved 1048576K
}
Event: 249.384 GC heap before
{Heap before GC invocations=26 (full 4):
 PSYoungGen      total 498688K, used 473002K [0x00000000d5580000, 0x00000000fc580000, 0x0000000100000000)
  eden space 415744K, 100% used [0x00000000d5580000,0x00000000eeb80000,0x00000000eeb80000)
  from space 82944K, 69% used [0x00000000eeb80000,0x00000000f236a828,0x00000000f3c80000)
  to   space 87552K, 0% used [0x00000000f7000000,0x00000000f7000000,0x00000000fc580000)
 ParOldGen       total 274432K, used 158213K [0x0000000080000000, 0x0000000090c00000, 0x00000000d5580000)
  object space 274432K, 57% used [0x0000000080000000,0x0000000089a81648,0x0000000090c00000)
 Metaspace       used 115613K, capacity 121177K, committed 121368K, reserved 1155072K
  class space    used 14673K, capacity 15831K, committed 15920K, reserved 1048576K
Event: 249.546 GC heap after
Heap after GC invocations=26 (full 4):
 PSYoungGen      total 522752K, used 87540K [0x00000000d5580000, 0x00000000ffa00000, 0x0000000100000000)
  eden space 435200K, 0% used [0x00000000d5580000,0x00000000d5580000,0x00000000efe80000)
  from space 87552K, 99% used [0x00000000f7000000,0x00000000fc57d0f8,0x00000000fc580000)
  to   space 116224K, 0% used [0x00000000efe80000,0x00000000efe80000,0x00000000f7000000)
 ParOldGen       total 274432K, used 197205K [0x0000000080000000, 0x0000000090c00000, 0x00000000d5580000)
  object space 274432K, 71% used [0x0000000080000000,0x000000008c095700,0x0000000090c00000)
 Metaspace       used 115613K, capacity 121177K, committed 121368K, reserved 1155072K
  class space    used 14673K, capacity 15831K, committed 15920K, reserved 1048576K
}
Event: 251.790 GC heap before
{Heap before GC invocations=27 (full 4):
 PSYoungGen      total 522752K, used 513893K [0x00000000d5580000, 0x00000000ffa00000, 0x0000000100000000)
  eden space 435200K, 97% used [0x00000000d5580000,0x00000000ef5dc328,0x00000000efe80000)
  from space 87552K, 99% used [0x00000000f7000000,0x00000000fc57d0f8,0x00000000fc580000)
  to   space 116224K, 0% used [0x00000000efe80000,0x00000000efe80000,0x00000000f7000000)
 ParOldGen       total 274432K, used 197205K [0x0000000080000000, 0x0000000090c00000, 0x00000000d5580000)
  object space 274432K, 71% used [0x0000000080000000,0x000000008c095700,0x0000000090c00000)
 Metaspace       used 115771K, capacity 121381K, committed 121624K, reserved 1155072K
  class space    used 14673K, capacity 15831K, committed 15920K, reserved 1048576K
Event: 251.896 GC heap after
Heap after GC invocations=27 (full 4):
 PSYoungGen      total 551424K, used 63285K [0x00000000d5580000, 0x0000000100000000, 0x0000000100000000)
  eden space 435200K, 0% used [0x00000000d5580000,0x00000000d5580000,0x00000000efe80000)
  from space 116224K, 54% used [0x00000000efe80000,0x00000000f3c4d498,0x00000000f7000000)
  to   space 116224K, 0% used [0x00000000f8e80000,0x00000000f8e80000,0x0000000100000000)
 ParOldGen       total 274432K, used 226076K [0x0000000080000000, 0x0000000090c00000, 0x00000000d5580000)
  object space 274432K, 82% used [0x0000000080000000,0x000000008dcc7298,0x0000000090c00000)
 Metaspace       used 115771K, capacity 121381K, committed 121624K, reserved 1155072K
  class space    used 14673K, capacity 15831K, committed 15920K, reserved 1048576K
}
Event: 251.896 GC heap before
{Heap before GC invocations=28 (full 5):
 PSYoungGen      total 551424K, used 63285K [0x00000000d5580000, 0x0000000100000000, 0x0000000100000000)
  eden space 435200K, 0% used [0x00000000d5580000,0x00000000d5580000,0x00000000efe80000)
  from space 116224K, 54% used [0x00000000efe80000,0x00000000f3c4d498,0x00000000f7000000)
  to   space 116224K, 0% used [0x00000000f8e80000,0x00000000f8e80000,0x0000000100000000)
 ParOldGen       total 274432K, used 226076K [0x0000000080000000, 0x0000000090c00000, 0x00000000d5580000)
  object space 274432K, 82% used [0x0000000080000000,0x000000008dcc7298,0x0000000090c00000)
 Metaspace       used 115771K, capacity 121381K, committed 121624K, reserved 1155072K
  class space    used 14673K, capacity 15831K, committed 15920K, reserved 1048576K
Event: 252.248 GC heap after
Heap after GC invocations=28 (full 5):
 PSYoungGen      total 551424K, used 0K [0x00000000d5580000, 0x0000000100000000, 0x0000000100000000)
  eden space 435200K, 0% used [0x00000000d5580000,0x00000000d5580000,0x00000000efe80000)
  from space 116224K, 0% used [0x00000000efe80000,0x00000000efe80000,0x00000000f7000000)
  to   space 116224K, 0% used [0x00000000f8e80000,0x00000000f8e80000,0x0000000100000000)
 ParOldGen       total 257536K, used 92288K [0x0000000080000000, 0x000000008fb80000, 0x00000000d5580000)
  object space 257536K, 35% used [0x0000000080000000,0x0000000085a20130,0x000000008fb80000)
 Metaspace       used 115489K, capacity 120769K, committed 121624K, reserved 1155072K
  class space    used 14569K, capacity 15641K, committed 15920K, reserved 1048576K
}
Event: 276.144 GC heap before
{Heap before GC invocations=29 (full 5):
 PSYoungGen      total 551424K, used 435200K [0x00000000d5580000, 0x0000000100000000, 0x0000000100000000)
  eden space 435200K, 100% used [0x00000000d5580000,0x00000000efe80000,0x00000000efe80000)
  from space 116224K, 0% used [0x00000000efe80000,0x00000000efe80000,0x00000000f7000000)
  to   space 116224K, 0% used [0x00000000f8e80000,0x00000000f8e80000,0x0000000100000000)
 ParOldGen       total 257536K, used 92288K [0x0000000080000000, 0x000000008fb80000, 0x00000000d5580000)
  object space 257536K, 35% used [0x0000000080000000,0x0000000085a20130,0x000000008fb80000)
 Metaspace       used 118482K, capacity 124143K, committed 124568K, reserved 1157120K
  class space    used 15008K, capacity 16154K, committed 16304K, reserved 1048576K
Event: 276.199 GC heap after
Heap after GC invocations=29 (full 5):
 PSYoungGen      total 573440K, used 32028K [0x00000000d5580000, 0x00000000ff700000, 0x0000000100000000)
  eden space 466432K, 0% used [0x00000000d5580000,0x00000000d5580000,0x00000000f1d00000)
  from space 107008K, 29% used [0x00000000f8e80000,0x00000000fadc70d8,0x00000000ff700000)
  to   space 111616K, 0% used [0x00000000f1d00000,0x00000000f1d00000,0x00000000f8a00000)
 ParOldGen       total 257536K, used 92296K [0x0000000080000000, 0x000000008fb80000, 0x00000000d5580000)
  object space 257536K, 35% used [0x0000000080000000,0x0000000085a22130,0x000000008fb80000)
 Metaspace       used 118482K, capacity 124143K, committed 124568K, reserved 1157120K
  class space    used 15008K, capacity 16154K, committed 16304K, reserved 1048576K
}

