# JRE version: OpenJDK Runtime Environment (8.0_242-b01) (build 1.8.0_242-release-1644-b01)
# Java VM: OpenJDK 64-Bit Server VM (25.242-b01 mixed mode windows-amd64 compressed oops)
Heap:
 PSYoungGen      total 189440K, used 25208K [0x00000000d5580000, 0x00000000e2980000, 0x0000000100000000)
  eden space 178688K, 14% used [0x00000000d5580000,0x00000000d6e1e3b8,0x00000000e0400000)
  from space 10752K, 0% used [0x00000000e1f00000,0x00000000e1f00000,0x00000000e2980000)
  to   space 13824K, 0% used [0x00000000e0e80000,0x00000000e0e80000,0x00000000e1c00000)
 ParOldGen       total 104960K, used 32820K [0x0000000080000000, 0x0000000086680000, 0x00000000d5580000)
  object space 104960K, 31% used [0x0000000080000000,0x000000008200d320,0x0000000086680000)
 Metaspace       used 57151K, capacity 59370K, committed 59544K, reserved 1099776K
  class space    used 7759K, capacity 8246K, committed 8368K, reserved 1048576K
GC Heap History (10 events):
Event: 10.335 GC heap before
{Heap before GC invocations=11 (full 2):
 PSYoungGen      total 139776K, used 11494K [0x00000000d5580000, 0x00000000e2c00000, 0x0000000100000000)
  eden space 128000K, 0% used [0x00000000d5580000,0x00000000d5580000,0x00000000dd280000)
  from space 11776K, 97% used [0x00000000dd280000,0x00000000dddb99a8,0x00000000dde00000)
  to   space 13312K, 0% used [0x00000000e1f00000,0x00000000e1f00000,0x00000000e2c00000)
 ParOldGen       total 47104K, used 6732K [0x0000000080000000, 0x0000000082e00000, 0x00000000d5580000)
  object space 47104K, 14% used [0x0000000080000000,0x0000000080693130,0x0000000082e00000)
 Metaspace       used 34302K, capacity 35432K, committed 35496K, reserved 1079296K
  class space    used 4723K, capacity 5007K, committed 5040K, reserved 1048576K
Event: 10.469 GC heap after
Heap after GC invocations=11 (full 2):
 PSYoungGen      total 139776K, used 0K [0x00000000d5580000, 0x00000000e2c00000, 0x0000000100000000)
  eden space 128000K, 0% used [0x00000000d5580000,0x00000000d5580000,0x00000000dd280000)
  from space 11776K, 0% used [0x00000000dd280000,0x00000000dd280000,0x00000000dde00000)
  to   space 13312K, 0% used [0x00000000e1f00000,0x00000000e1f00000,0x00000000e2c00000)
 ParOldGen       total 68608K, used 17710K [0x0000000080000000, 0x0000000084300000, 0x00000000d5580000)
  object space 68608K, 25% used [0x0000000080000000,0x000000008114b8c8,0x0000000084300000)
 Metaspace       used 34302K, capacity 35432K, committed 35496K, reserved 1079296K
  class space    used 4723K, capacity 5007K, committed 5040K, reserved 1048576K
}
Event: 12.641 GC heap before
{Heap before GC invocations=12 (full 2):
 PSYoungGen      total 139776K, used 128000K [0x00000000d5580000, 0x00000000e2c00000, 0x0000000100000000)
  eden space 128000K, 100% used [0x00000000d5580000,0x00000000dd280000,0x00000000dd280000)
  from space 11776K, 0% used [0x00000000dd280000,0x00000000dd280000,0x00000000dde00000)
  to   space 13312K, 0% used [0x00000000e1f00000,0x00000000e1f00000,0x00000000e2c00000)
 ParOldGen       total 68608K, used 17710K [0x0000000080000000, 0x0000000084300000, 0x00000000d5580000)
  object space 68608K, 25% used [0x0000000080000000,0x000000008114b8c8,0x0000000084300000)
 Metaspace       used 39971K, capacity 41734K, committed 42024K, reserved 1085440K
  class space    used 5494K, capacity 5861K, committed 5936K, reserved 1048576K
Event: 12.658 GC heap after
Heap after GC invocations=12 (full 2):
 PSYoungGen      total 189440K, used 10315K [0x00000000d5580000, 0x00000000e2980000, 0x0000000100000000)
  eden space 178688K, 0% used [0x00000000d5580000,0x00000000d5580000,0x00000000e0400000)
  from space 10752K, 95% used [0x00000000e1f00000,0x00000000e2912e08,0x00000000e2980000)
  to   space 13824K, 0% used [0x00000000e0e80000,0x00000000e0e80000,0x00000000e1c00000)
 ParOldGen       total 68608K, used 17718K [0x0000000080000000, 0x0000000084300000, 0x00000000d5580000)
  object space 68608K, 25% used [0x0000000080000000,0x000000008114d8c8,0x0000000084300000)
 Metaspace       used 39971K, capacity 41734K, committed 42024K, reserved 1085440K
  class space    used 5494K, capacity 5861K, committed 5936K, reserved 1048576K
}
Event: 16.735 GC heap before
{Heap before GC invocations=13 (full 2):
 PSYoungGen      total 189440K, used 189003K [0x00000000d5580000, 0x00000000e2980000, 0x0000000100000000)
  eden space 178688K, 100% used [0x00000000d5580000,0x00000000e0400000,0x00000000e0400000)
  from space 10752K, 95% used [0x00000000e1f00000,0x00000000e2912e08,0x00000000e2980000)
  to   space 13824K, 0% used [0x00000000e0e80000,0x00000000e0e80000,0x00000000e1c00000)
 ParOldGen       total 68608K, used 17718K [0x0000000080000000, 0x0000000084300000, 0x00000000d5580000)
  object space 68608K, 25% used [0x0000000080000000,0x000000008114d8c8,0x0000000084300000)
 Metaspace       used 54577K, capacity 56780K, committed 57000K, reserved 1097728K
  class space    used 7298K, capacity 7781K, committed 7856K, reserved 1048576K
Event: 16.786 GC heap after
Heap after GC invocations=13 (full 2):
 PSYoungGen      total 192512K, used 13809K [0x00000000d5580000, 0x00000000e2980000, 0x0000000100000000)
  eden space 178688K, 0% used [0x00000000d5580000,0x00000000d5580000,0x00000000e0400000)
  from space 13824K, 99% used [0x00000000e0e80000,0x00000000e1bfc480,0x00000000e1c00000)
  to   space 10752K, 0% used [0x00000000e1f00000,0x00000000e1f00000,0x00000000e2980000)
 ParOldGen       total 68608K, used 31454K [0x0000000080000000, 0x0000000084300000, 0x00000000d5580000)
  object space 68608K, 45% used [0x0000000080000000,0x0000000081eb7ac0,0x0000000084300000)
 Metaspace       used 54577K, capacity 56780K, committed 57000K, reserved 1097728K
  class space    used 7298K, capacity 7781K, committed 7856K, reserved 1048576K
}
Event: 17.520 GC heap before
{Heap before GC invocations=14 (full 2):
 PSYoungGen      total 192512K, used 42213K [0x00000000d5580000, 0x00000000e2980000, 0x0000000100000000)
  eden space 178688K, 15% used [0x00000000d5580000,0x00000000d713d360,0x00000000e0400000)
  from space 13824K, 99% used [0x00000000e0e80000,0x00000000e1bfc480,0x00000000e1c00000)
  to   space 10752K, 0% used [0x00000000e1f00000,0x00000000e1f00000,0x00000000e2980000)
 ParOldGen       total 68608K, used 31454K [0x0000000080000000, 0x0000000084300000, 0x00000000d5580000)
  object space 68608K, 45% used [0x0000000080000000,0x0000000081eb7ac0,0x0000000084300000)
 Metaspace       used 56865K, capacity 59120K, committed 59160K, reserved 1099776K
  class space    used 7699K, capacity 8213K, committed 8240K, reserved 1048576K
Event: 17.542 GC heap after
Heap after GC invocations=14 (full 2):
 PSYoungGen      total 189440K, used 3287K [0x00000000d5580000, 0x00000000e2980000, 0x0000000100000000)
  eden space 178688K, 0% used [0x00000000d5580000,0x00000000d5580000,0x00000000e0400000)
  from space 10752K, 30% used [0x00000000e1f00000,0x00000000e2235c20,0x00000000e2980000)
  to   space 13824K, 0% used [0x00000000e0e80000,0x00000000e0e80000,0x00000000e1c00000)
 ParOldGen       total 68608K, used 42177K [0x0000000080000000, 0x0000000084300000, 0x00000000d5580000)
  object space 68608K, 61% used [0x0000000080000000,0x00000000829305e0,0x0000000084300000)
 Metaspace       used 56865K, capacity 59120K, committed 59160K, reserved 1099776K
  class space    used 7699K, capacity 8213K, committed 8240K, reserved 1048576K
}
Event: 17.542 GC heap before
{Heap before GC invocations=15 (full 3):
 PSYoungGen      total 189440K, used 3287K [0x00000000d5580000, 0x00000000e2980000, 0x0000000100000000)
  eden space 178688K, 0% used [0x00000000d5580000,0x00000000d5580000,0x00000000e0400000)
  from space 10752K, 30% used [0x00000000e1f00000,0x00000000e2235c20,0x00000000e2980000)
  to   space 13824K, 0% used [0x00000000e0e80000,0x00000000e0e80000,0x00000000e1c00000)
 ParOldGen       total 68608K, used 42177K [0x0000000080000000, 0x0000000084300000, 0x00000000d5580000)
  object space 68608K, 61% used [0x0000000080000000,0x00000000829305e0,0x0000000084300000)
 Metaspace       used 56865K, capacity 59120K, committed 59160K, reserved 1099776K
  class space    used 7699K, capacity 8213K, committed 8240K, reserved 1048576K
Event: 17.960 GC heap after
Heap after GC invocations=15 (full 3):
 PSYoungGen      total 189440K, used 0K [0x00000000d5580000, 0x00000000e2980000, 0x0000000100000000)
  eden space 178688K, 0% used [0x00000000d5580000,0x00000000d5580000,0x00000000e0400000)
  from space 10752K, 0% used [0x00000000e1f00000,0x00000000e1f00000,0x00000000e2980000)
  to   space 13824K, 0% used [0x00000000e0e80000,0x00000000e0e80000,0x00000000e1c00000)
 ParOldGen       total 104960K, used 32820K [0x0000000080000000, 0x0000000086680000, 0x00000000d5580000)
  object space 104960K, 31% used [0x0000000080000000,0x000000008200d320,0x0000000086680000)
 Metaspace       used 56829K, capacity 59000K, committed 59160K, reserved 1099776K
  class space    used 7688K, capacity 8193K, committed 8240K, reserved 1048576K
}

