# JRE version: OpenJDK Runtime Environment (8.0_242-b01) (build 1.8.0_242-release-1644-b01)
# Java VM: OpenJDK 64-Bit Server VM (25.242-b01 mixed mode windows-amd64 compressed oops)
Heap:
 PSYoungGen      total 388096K, used 109535K [0x00000000d5580000, 0x00000000f2100000, 0x0000000100000000)
  eden space 327680K, 23% used [0x00000000d5580000,0x00000000d9f58288,0x00000000e9580000)
  from space 60416K, 56% used [0x00000000e9580000,0x00000000eb69f9a0,0x00000000ed080000)
  to   space 59904K, 0% used [0x00000000ee680000,0x00000000ee680000,0x00000000f2100000)
 ParOldGen       total 238080K, used 76714K [0x0000000080000000, 0x000000008e880000, 0x00000000d5580000)
  object space 238080K, 32% used [0x0000000080000000,0x0000000084aeab68,0x000000008e880000)
 Metaspace       used 110376K, capacity 116426K, committed 117120K, reserved 1150976K
  class space    used 14146K, capacity 15264K, committed 15488K, reserved 1048576K
GC Heap History (10 events):
Event: 325.634 GC heap before
{Heap before GC invocations=27 (full 4):
 PSYoungGen      total 328704K, used 34792K [0x00000000d5580000, 0x00000000efb00000, 0x0000000100000000)
  eden space 264704K, 0% used [0x00000000d5580000,0x00000000d5580000,0x00000000e5800000)
  from space 64000K, 54% used [0x00000000e5800000,0x00000000e79fa240,0x00000000e9680000)
  to   space 63488K, 0% used [0x00000000ebd00000,0x00000000ebd00000,0x00000000efb00000)
 ParOldGen       total 148480K, used 90256K [0x0000000080000000, 0x0000000089100000, 0x00000000d5580000)
  object space 148480K, 60% used [0x0000000080000000,0x00000000858241a0,0x0000000089100000)
 Metaspace       used 91971K, capacity 98290K, committed 98348K, reserved 1134592K
  class space    used 12403K, capacity 13542K, committed 13568K, reserved 1048576K
Event: 326.044 GC heap after
Heap after GC invocations=27 (full 4):
 PSYoungGen      total 328704K, used 0K [0x00000000d5580000, 0x00000000efb00000, 0x0000000100000000)
  eden space 264704K, 0% used [0x00000000d5580000,0x00000000d5580000,0x00000000e5800000)
  from space 64000K, 0% used [0x00000000e5800000,0x00000000e5800000,0x00000000e9680000)
  to   space 63488K, 0% used [0x00000000ebd00000,0x00000000ebd00000,0x00000000efb00000)
 ParOldGen       total 238080K, used 76682K [0x0000000080000000, 0x000000008e880000, 0x00000000d5580000)
  object space 238080K, 32% used [0x0000000080000000,0x0000000084ae2b68,0x000000008e880000)
 Metaspace       used 91400K, capacity 96670K, committed 98348K, reserved 1134592K
  class space    used 12219K, capacity 13216K, committed 13568K, reserved 1048576K
}
Event: 474.931 GC heap before
{Heap before GC invocations=28 (full 4):
 PSYoungGen      total 328704K, used 264704K [0x00000000d5580000, 0x00000000efb00000, 0x0000000100000000)
  eden space 264704K, 100% used [0x00000000d5580000,0x00000000e5800000,0x00000000e5800000)
  from space 64000K, 0% used [0x00000000e5800000,0x00000000e5800000,0x00000000e9680000)
  to   space 63488K, 0% used [0x00000000ebd00000,0x00000000ebd00000,0x00000000efb00000)
 ParOldGen       total 238080K, used 76682K [0x0000000080000000, 0x000000008e880000, 0x00000000d5580000)
  object space 238080K, 32% used [0x0000000080000000,0x0000000084ae2b68,0x000000008e880000)
 Metaspace       used 91837K, capacity 97076K, committed 98860K, reserved 1134592K
  class space    used 12227K, capacity 13227K, committed 13568K, reserved 1048576K
Event: 474.954 GC heap after
Heap after GC invocations=28 (full 4):
 PSYoungGen      total 364032K, used 16306K [0x00000000d5580000, 0x00000000ef780000, 0x0000000100000000)
  eden space 304128K, 0% used [0x00000000d5580000,0x00000000d5580000,0x00000000e7e80000)
  from space 59904K, 27% used [0x00000000ebd00000,0x00000000ecceca68,0x00000000ef780000)
  to   space 61952K, 0% used [0x00000000e7e80000,0x00000000e7e80000,0x00000000ebb00000)
 ParOldGen       total 238080K, used 76690K [0x0000000080000000, 0x000000008e880000, 0x00000000d5580000)
  object space 238080K, 32% used [0x0000000080000000,0x0000000084ae4b68,0x000000008e880000)
 Metaspace       used 91837K, capacity 97076K, committed 98860K, reserved 1134592K
  class space    used 12227K, capacity 13227K, committed 13568K, reserved 1048576K
}
Event: 488.695 GC heap before
{Heap before GC invocations=29 (full 4):
 PSYoungGen      total 364032K, used 320434K [0x00000000d5580000, 0x00000000ef780000, 0x0000000100000000)
  eden space 304128K, 100% used [0x00000000d5580000,0x00000000e7e80000,0x00000000e7e80000)
  from space 59904K, 27% used [0x00000000ebd00000,0x00000000ecceca68,0x00000000ef780000)
  to   space 61952K, 0% used [0x00000000e7e80000,0x00000000e7e80000,0x00000000ebb00000)
 ParOldGen       total 238080K, used 76690K [0x0000000080000000, 0x000000008e880000, 0x00000000d5580000)
  object space 238080K, 32% used [0x0000000080000000,0x0000000084ae4b68,0x000000008e880000)
 Metaspace       used 92407K, capacity 98102K, committed 99244K, reserved 1134592K
  class space    used 12297K, capacity 13360K, committed 13696K, reserved 1048576K
Event: 488.712 GC heap after
Heap after GC invocations=29 (full 4):
 PSYoungGen      total 366080K, used 17292K [0x00000000d5580000, 0x00000000f0f80000, 0x0000000100000000)
  eden space 304128K, 0% used [0x00000000d5580000,0x00000000d5580000,0x00000000e7e80000)
  from space 61952K, 27% used [0x00000000e7e80000,0x00000000e8f63098,0x00000000ebb00000)
  to   space 59904K, 0% used [0x00000000ed500000,0x00000000ed500000,0x00000000f0f80000)
 ParOldGen       total 238080K, used 76698K [0x0000000080000000, 0x000000008e880000, 0x00000000d5580000)
  object space 238080K, 32% used [0x0000000080000000,0x0000000084ae6b68,0x000000008e880000)
 Metaspace       used 92407K, capacity 98102K, committed 99244K, reserved 1134592K
  class space    used 12297K, capacity 13360K, committed 13696K, reserved 1048576K
}
Event: 817.321 GC heap before
{Heap before GC invocations=30 (full 4):
 PSYoungGen      total 366080K, used 320976K [0x00000000d5580000, 0x00000000f0f80000, 0x0000000100000000)
  eden space 304128K, 99% used [0x00000000d5580000,0x00000000e7e11208,0x00000000e7e80000)
  from space 61952K, 27% used [0x00000000e7e80000,0x00000000e8f63098,0x00000000ebb00000)
  to   space 59904K, 0% used [0x00000000ed500000,0x00000000ed500000,0x00000000f0f80000)
 ParOldGen       total 238080K, used 76698K [0x0000000080000000, 0x000000008e880000, 0x00000000d5580000)
  object space 238080K, 32% used [0x0000000080000000,0x0000000084ae6b68,0x000000008e880000)
 Metaspace       used 94006K, capacity 99754K, committed 100864K, reserved 1136640K
  class space    used 12438K, capacity 13524K, committed 13824K, reserved 1048576K
Event: 817.364 GC heap after
Heap after GC invocations=30 (full 4):
 PSYoungGen      total 383488K, used 36584K [0x00000000d5580000, 0x00000000f0b80000, 0x0000000100000000)
  eden space 327680K, 0% used [0x00000000d5580000,0x00000000d5580000,0x00000000e9580000)
  from space 55808K, 65% used [0x00000000ed500000,0x00000000ef8ba2e8,0x00000000f0b80000)
  to   space 60416K, 0% used [0x00000000e9580000,0x00000000e9580000,0x00000000ed080000)
 ParOldGen       total 238080K, used 76706K [0x0000000080000000, 0x000000008e880000, 0x00000000d5580000)
  object space 238080K, 32% used [0x0000000080000000,0x0000000084ae8b68,0x000000008e880000)
 Metaspace       used 94006K, capacity 99754K, committed 100864K, reserved 1136640K
  class space    used 12438K, capacity 13524K, committed 13824K, reserved 1048576K
}
Event: 822.914 GC heap before
{Heap before GC invocations=31 (full 4):
 PSYoungGen      total 383488K, used 364264K [0x00000000d5580000, 0x00000000f0b80000, 0x0000000100000000)
  eden space 327680K, 100% used [0x00000000d5580000,0x00000000e9580000,0x00000000e9580000)
  from space 55808K, 65% used [0x00000000ed500000,0x00000000ef8ba2e8,0x00000000f0b80000)
  to   space 60416K, 0% used [0x00000000e9580000,0x00000000e9580000,0x00000000ed080000)
 ParOldGen       total 238080K, used 76706K [0x0000000080000000, 0x000000008e880000, 0x00000000d5580000)
  object space 238080K, 32% used [0x0000000080000000,0x0000000084ae8b68,0x000000008e880000)
 Metaspace       used 101852K, capacity 107816K, committed 108416K, reserved 1142784K
  class space    used 13217K, capacity 14335K, committed 14464K, reserved 1048576K
Event: 822.943 GC heap after
Heap after GC invocations=31 (full 4):
 PSYoungGen      total 388096K, used 33918K [0x00000000d5580000, 0x00000000f2100000, 0x0000000100000000)
  eden space 327680K, 0% used [0x00000000d5580000,0x00000000d5580000,0x00000000e9580000)
  from space 60416K, 56% used [0x00000000e9580000,0x00000000eb69f9a0,0x00000000ed080000)
  to   space 59904K, 0% used [0x00000000ee680000,0x00000000ee680000,0x00000000f2100000)
 ParOldGen       total 238080K, used 76714K [0x0000000080000000, 0x000000008e880000, 0x00000000d5580000)
  object space 238080K, 32% used [0x0000000080000000,0x0000000084aeab68,0x000000008e880000)
 Metaspace       used 101852K, capacity 107816K, committed 108416K, reserved 1142784K
  class space    used 13217K, capacity 14335K, committed 14464K, reserved 1048576K
}

