# JRE version: OpenJDK Runtime Environment (8.0_242-b01) (build 1.8.0_242-release-1644-b01)
# Java VM: OpenJDK 64-Bit Server VM (25.242-b01 mixed mode windows-amd64 compressed oops)
Heap:
 PSYoungGen      total 262144K, used 234012K [0x00000000d5580000, 0x00000000e8680000, 0x0000000100000000)
  eden space 229376K, 93% used [0x00000000d5580000,0x00000000e25f28b0,0x00000000e3580000)
  from space 32768K, 62% used [0x00000000e3580000,0x00000000e4994ab8,0x00000000e5580000)
  to   space 33280K, 0% used [0x00000000e6600000,0x00000000e6600000,0x00000000e8680000)
 ParOldGen       total 144384K, used 84694K [0x0000000080000000, 0x0000000088d00000, 0x00000000d5580000)
  object space 144384K, 58% used [0x0000000080000000,0x00000000852b5868,0x0000000088d00000)
 Metaspace       used 92270K, capacity 97872K, committed 98136K, reserved 1134592K
  class space    used 12355K, capacity 13360K, committed 13440K, reserved 1048576K
GC Heap History (10 events):
Event: 18.087 GC heap before
{Heap before GC invocations=18 (full 3):
 PSYoungGen      total 204800K, used 204794K [0x00000000d5580000, 0x00000000e3f00000, 0x0000000100000000)
  eden space 181760K, 100% used [0x00000000d5580000,0x00000000e0700000,0x00000000e0700000)
  from space 23040K, 99% used [0x00000000e2100000,0x00000000e377e8b8,0x00000000e3780000)
  to   space 26624K, 0% used [0x00000000e0700000,0x00000000e0700000,0x00000000e2100000)
 ParOldGen       total 144384K, used 35844K [0x0000000080000000, 0x0000000088d00000, 0x00000000d5580000)
  object space 144384K, 24% used [0x0000000080000000,0x0000000082301308,0x0000000088d00000)
 Metaspace       used 71380K, capacity 75044K, committed 75224K, reserved 1114112K
  class space    used 9716K, capacity 10446K, committed 10496K, reserved 1048576K
Event: 18.119 GC heap after
Heap after GC invocations=18 (full 3):
 PSYoungGen      total 208384K, used 14253K [0x00000000d5580000, 0x00000000e5700000, 0x0000000100000000)
  eden space 181760K, 0% used [0x00000000d5580000,0x00000000d5580000,0x00000000e0700000)
  from space 26624K, 53% used [0x00000000e0700000,0x00000000e14eb658,0x00000000e2100000)
  to   space 25600K, 0% used [0x00000000e3e00000,0x00000000e3e00000,0x00000000e5700000)
 ParOldGen       total 144384K, used 57705K [0x0000000080000000, 0x0000000088d00000, 0x00000000d5580000)
  object space 144384K, 39% used [0x0000000080000000,0x000000008385a500,0x0000000088d00000)
 Metaspace       used 71380K, capacity 75044K, committed 75224K, reserved 1114112K
  class space    used 9716K, capacity 10446K, committed 10496K, reserved 1048576K
}
Event: 20.232 GC heap before
{Heap before GC invocations=19 (full 3):
 PSYoungGen      total 208384K, used 196013K [0x00000000d5580000, 0x00000000e5700000, 0x0000000100000000)
  eden space 181760K, 100% used [0x00000000d5580000,0x00000000e0700000,0x00000000e0700000)
  from space 26624K, 53% used [0x00000000e0700000,0x00000000e14eb658,0x00000000e2100000)
  to   space 25600K, 0% used [0x00000000e3e00000,0x00000000e3e00000,0x00000000e5700000)
 ParOldGen       total 144384K, used 57705K [0x0000000080000000, 0x0000000088d00000, 0x00000000d5580000)
  object space 144384K, 39% used [0x0000000080000000,0x000000008385a500,0x0000000088d00000)
 Metaspace       used 74355K, capacity 78412K, committed 78552K, reserved 1116160K
  class space    used 10173K, capacity 10942K, committed 11008K, reserved 1048576K
Event: 20.280 GC heap after
Heap after GC invocations=19 (full 3):
 PSYoungGen      total 236032K, used 21191K [0x00000000d5580000, 0x00000000e5d80000, 0x0000000100000000)
  eden space 210432K, 0% used [0x00000000d5580000,0x00000000d5580000,0x00000000e2300000)
  from space 25600K, 82% used [0x00000000e3e00000,0x00000000e52b1fa8,0x00000000e5700000)
  to   space 27648K, 0% used [0x00000000e2300000,0x00000000e2300000,0x00000000e3e00000)
 ParOldGen       total 144384K, used 67623K [0x0000000080000000, 0x0000000088d00000, 0x00000000d5580000)
  object space 144384K, 46% used [0x0000000080000000,0x0000000084209ce0,0x0000000088d00000)
 Metaspace       used 74355K, capacity 78412K, committed 78552K, reserved 1116160K
  class space    used 10173K, capacity 10942K, committed 11008K, reserved 1048576K
}
Event: 297.990 GC heap before
{Heap before GC invocations=20 (full 3):
 PSYoungGen      total 236032K, used 231623K [0x00000000d5580000, 0x00000000e5d80000, 0x0000000100000000)
  eden space 210432K, 100% used [0x00000000d5580000,0x00000000e2300000,0x00000000e2300000)
  from space 25600K, 82% used [0x00000000e3e00000,0x00000000e52b1fa8,0x00000000e5700000)
  to   space 27648K, 0% used [0x00000000e2300000,0x00000000e2300000,0x00000000e3e00000)
 ParOldGen       total 144384K, used 67623K [0x0000000080000000, 0x0000000088d00000, 0x00000000d5580000)
  object space 144384K, 46% used [0x0000000080000000,0x0000000084209ce0,0x0000000088d00000)
 Metaspace       used 80101K, capacity 84422K, committed 84568K, reserved 1122304K
  class space    used 10718K, capacity 11539K, committed 11648K, reserved 1048576K
Event: 298.024 GC heap after
Heap after GC invocations=20 (full 3):
 PSYoungGen      total 238080K, used 27632K [0x00000000d5580000, 0x00000000e7780000, 0x0000000100000000)
  eden space 210432K, 0% used [0x00000000d5580000,0x00000000d5580000,0x00000000e2300000)
  from space 27648K, 99% used [0x00000000e2300000,0x00000000e3dfc0b0,0x00000000e3e00000)
  to   space 32768K, 0% used [0x00000000e5780000,0x00000000e5780000,0x00000000e7780000)
 ParOldGen       total 144384K, used 70562K [0x0000000080000000, 0x0000000088d00000, 0x00000000d5580000)
  object space 144384K, 48% used [0x0000000080000000,0x00000000844e8b00,0x0000000088d00000)
 Metaspace       used 80101K, capacity 84422K, committed 84568K, reserved 1122304K
  class space    used 10718K, capacity 11539K, committed 11648K, reserved 1048576K
}
Event: 312.688 GC heap before
{Heap before GC invocations=21 (full 3):
 PSYoungGen      total 238080K, used 238064K [0x00000000d5580000, 0x00000000e7780000, 0x0000000100000000)
  eden space 210432K, 100% used [0x00000000d5580000,0x00000000e2300000,0x00000000e2300000)
  from space 27648K, 99% used [0x00000000e2300000,0x00000000e3dfc0b0,0x00000000e3e00000)
  to   space 32768K, 0% used [0x00000000e5780000,0x00000000e5780000,0x00000000e7780000)
 ParOldGen       total 144384K, used 70562K [0x0000000080000000, 0x0000000088d00000, 0x00000000d5580000)
  object space 144384K, 48% used [0x0000000080000000,0x00000000844e8b00,0x0000000088d00000)
 Metaspace       used 84507K, capacity 89242K, committed 89560K, reserved 1126400K
  class space    used 11321K, capacity 12219K, committed 12288K, reserved 1048576K
Event: 312.777 GC heap after
Heap after GC invocations=21 (full 3):
 PSYoungGen      total 260096K, used 20186K [0x00000000d5580000, 0x00000000e7580000, 0x0000000100000000)
  eden space 229376K, 0% used [0x00000000d5580000,0x00000000d5580000,0x00000000e3580000)
  from space 30720K, 65% used [0x00000000e5780000,0x00000000e6b369a8,0x00000000e7580000)
  to   space 32768K, 0% used [0x00000000e3580000,0x00000000e3580000,0x00000000e5580000)
 ParOldGen       total 144384K, used 84686K [0x0000000080000000, 0x0000000088d00000, 0x00000000d5580000)
  object space 144384K, 58% used [0x0000000080000000,0x00000000852b3868,0x0000000088d00000)
 Metaspace       used 84507K, capacity 89242K, committed 89560K, reserved 1126400K
  class space    used 11321K, capacity 12219K, committed 12288K, reserved 1048576K
}
Event: 471.806 GC heap before
{Heap before GC invocations=22 (full 3):
 PSYoungGen      total 260096K, used 249562K [0x00000000d5580000, 0x00000000e7580000, 0x0000000100000000)
  eden space 229376K, 100% used [0x00000000d5580000,0x00000000e3580000,0x00000000e3580000)
  from space 30720K, 65% used [0x00000000e5780000,0x00000000e6b369a8,0x00000000e7580000)
  to   space 32768K, 0% used [0x00000000e3580000,0x00000000e3580000,0x00000000e5580000)
 ParOldGen       total 144384K, used 84686K [0x0000000080000000, 0x0000000088d00000, 0x00000000d5580000)
  object space 144384K, 58% used [0x0000000080000000,0x00000000852b3868,0x0000000088d00000)
 Metaspace       used 91754K, capacity 97322K, committed 97624K, reserved 1134592K
  class space    used 12345K, capacity 13347K, committed 13440K, reserved 1048576K
Event: 471.838 GC heap after
Heap after GC invocations=22 (full 3):
 PSYoungGen      total 262144K, used 20562K [0x00000000d5580000, 0x00000000e8680000, 0x0000000100000000)
  eden space 229376K, 0% used [0x00000000d5580000,0x00000000d5580000,0x00000000e3580000)
  from space 32768K, 62% used [0x00000000e3580000,0x00000000e4994ab8,0x00000000e5580000)
  to   space 33280K, 0% used [0x00000000e6600000,0x00000000e6600000,0x00000000e8680000)
 ParOldGen       total 144384K, used 84694K [0x0000000080000000, 0x0000000088d00000, 0x00000000d5580000)
  object space 144384K, 58% used [0x0000000080000000,0x00000000852b5868,0x0000000088d00000)
 Metaspace       used 91754K, capacity 97322K, committed 97624K, reserved 1134592K
  class space    used 12345K, capacity 13347K, committed 13440K, reserved 1048576K
}

