# JRE version: OpenJDK Runtime Environment (8.0_242-b01) (build 1.8.0_242-release-1644-b01)
# Java VM: OpenJDK 64-Bit Server VM (25.242-b01 mixed mode windows-amd64 compressed oops)
Heap:
 PSYoungGen      total 307712K, used 155372K [0x00000000d5580000, 0x00000000ee180000, 0x0000000100000000)
  eden space 257024K, 51% used [0x00000000d5580000,0x00000000dd626a30,0x00000000e5080000)
  from space 50688K, 46% used [0x00000000e5080000,0x00000000e67947e0,0x00000000e8200000)
  to   space 48640K, 0% used [0x00000000eb200000,0x00000000eb200000,0x00000000ee180000)
 ParOldGen       total 232960K, used 82320K [0x0000000080000000, 0x000000008e380000, 0x00000000d5580000)
  object space 232960K, 35% used [0x0000000080000000,0x00000000850641c8,0x000000008e380000)
 Metaspace       used 108592K, capacity 114246K, committed 114508K, reserved 1148928K
  class space    used 14226K, capacity 15471K, committed 15488K, reserved 1048576K
GC Heap History (10 events):
Event: 25.273 GC heap before
{Heap before GC invocations=21 (full 3):
 PSYoungGen      total 237568K, used 228668K [0x00000000d5580000, 0x00000000e7880000, 0x0000000100000000)
  eden space 203776K, 100% used [0x00000000d5580000,0x00000000e1c80000,0x00000000e1c80000)
  from space 33792K, 73% used [0x00000000e1c80000,0x00000000e34cf2b0,0x00000000e3d80000)
  to   space 35840K, 0% used [0x00000000e5580000,0x00000000e5580000,0x00000000e7880000)
 ParOldGen       total 146432K, used 59859K [0x0000000080000000, 0x0000000088f00000, 0x00000000d5580000)
  object space 146432K, 40% used [0x0000000080000000,0x0000000083a74ca0,0x0000000088f00000)
 Metaspace       used 91247K, capacity 95730K, committed 95960K, reserved 1132544K
  class space    used 11910K, capacity 12749K, committed 12800K, reserved 1048576K
Event: 25.323 GC heap after
Heap after GC invocations=21 (full 3):
 PSYoungGen      total 256000K, used 35834K [0x00000000d5580000, 0x00000000e8700000, 0x0000000100000000)
  eden space 220160K, 0% used [0x00000000d5580000,0x00000000d5580000,0x00000000e2c80000)
  from space 35840K, 99% used [0x00000000e5580000,0x00000000e787e9b8,0x00000000e7880000)
  to   space 41984K, 0% used [0x00000000e2c80000,0x00000000e2c80000,0x00000000e5580000)
 ParOldGen       total 146432K, used 61782K [0x0000000080000000, 0x0000000088f00000, 0x00000000d5580000)
  object space 146432K, 42% used [0x0000000080000000,0x0000000083c55a68,0x0000000088f00000)
 Metaspace       used 91247K, capacity 95730K, committed 95960K, reserved 1132544K
  class space    used 11910K, capacity 12749K, committed 12800K, reserved 1048576K
}
Event: 25.957 GC heap before
{Heap before GC invocations=22 (full 3):
 PSYoungGen      total 256000K, used 255994K [0x00000000d5580000, 0x00000000e8700000, 0x0000000100000000)
  eden space 220160K, 100% used [0x00000000d5580000,0x00000000e2c80000,0x00000000e2c80000)
  from space 35840K, 99% used [0x00000000e5580000,0x00000000e787e9b8,0x00000000e7880000)
  to   space 41984K, 0% used [0x00000000e2c80000,0x00000000e2c80000,0x00000000e5580000)
 ParOldGen       total 146432K, used 61782K [0x0000000080000000, 0x0000000088f00000, 0x00000000d5580000)
  object space 146432K, 42% used [0x0000000080000000,0x0000000083c55a68,0x0000000088f00000)
 Metaspace       used 91793K, capacity 96280K, committed 96600K, reserved 1132544K
  class space    used 12003K, capacity 12846K, committed 12928K, reserved 1048576K
Event: 25.995 GC heap after
Heap after GC invocations=22 (full 3):
 PSYoungGen      total 262144K, used 41975K [0x00000000d5580000, 0x00000000eb580000, 0x0000000100000000)
  eden space 220160K, 0% used [0x00000000d5580000,0x00000000d5580000,0x00000000e2c80000)
  from space 41984K, 99% used [0x00000000e2c80000,0x00000000e557de78,0x00000000e5580000)
  to   space 52736K, 0% used [0x00000000e8200000,0x00000000e8200000,0x00000000eb580000)
 ParOldGen       total 146432K, used 73082K [0x0000000080000000, 0x0000000088f00000, 0x00000000d5580000)
  object space 146432K, 49% used [0x0000000080000000,0x000000008475e930,0x0000000088f00000)
 Metaspace       used 91793K, capacity 96280K, committed 96600K, reserved 1132544K
  class space    used 12003K, capacity 12846K, committed 12928K, reserved 1048576K
}
Event: 26.236 GC heap before
{Heap before GC invocations=23 (full 3):
 PSYoungGen      total 262144K, used 69132K [0x00000000d5580000, 0x00000000eb580000, 0x0000000100000000)
  eden space 220160K, 12% used [0x00000000d5580000,0x00000000d70053c8,0x00000000e2c80000)
  from space 41984K, 99% used [0x00000000e2c80000,0x00000000e557de78,0x00000000e5580000)
  to   space 52736K, 0% used [0x00000000e8200000,0x00000000e8200000,0x00000000eb580000)
 ParOldGen       total 146432K, used 73082K [0x0000000080000000, 0x0000000088f00000, 0x00000000d5580000)
  object space 146432K, 49% used [0x0000000080000000,0x000000008475e930,0x0000000088f00000)
 Metaspace       used 93537K, capacity 98374K, committed 98380K, reserved 1134592K
  class space    used 12261K, capacity 13183K, committed 13184K, reserved 1048576K
Event: 26.262 GC heap after
Heap after GC invocations=23 (full 3):
 PSYoungGen      total 309760K, used 14373K [0x00000000d5580000, 0x00000000ebc00000, 0x0000000100000000)
  eden space 257024K, 0% used [0x00000000d5580000,0x00000000d5580000,0x00000000e5080000)
  from space 52736K, 27% used [0x00000000e8200000,0x00000000e9009770,0x00000000eb580000)
  to   space 50688K, 0% used [0x00000000e5080000,0x00000000e5080000,0x00000000e8200000)
 ParOldGen       total 146432K, used 84175K [0x0000000080000000, 0x0000000088f00000, 0x00000000d5580000)
  object space 146432K, 57% used [0x0000000080000000,0x0000000085233e28,0x0000000088f00000)
 Metaspace       used 93537K, capacity 98374K, committed 98380K, reserved 1134592K
  class space    used 12261K, capacity 13183K, committed 13184K, reserved 1048576K
}
Event: 26.262 GC heap before
{Heap before GC invocations=24 (full 4):
 PSYoungGen      total 309760K, used 14373K [0x00000000d5580000, 0x00000000ebc00000, 0x0000000100000000)
  eden space 257024K, 0% used [0x00000000d5580000,0x00000000d5580000,0x00000000e5080000)
  from space 52736K, 27% used [0x00000000e8200000,0x00000000e9009770,0x00000000eb580000)
  to   space 50688K, 0% used [0x00000000e5080000,0x00000000e5080000,0x00000000e8200000)
 ParOldGen       total 146432K, used 84175K [0x0000000080000000, 0x0000000088f00000, 0x00000000d5580000)
  object space 146432K, 57% used [0x0000000080000000,0x0000000085233e28,0x0000000088f00000)
 Metaspace       used 93537K, capacity 98374K, committed 98380K, reserved 1134592K
  class space    used 12261K, capacity 13183K, committed 13184K, reserved 1048576K
Event: 26.598 GC heap after
Heap after GC invocations=24 (full 4):
 PSYoungGen      total 309760K, used 0K [0x00000000d5580000, 0x00000000ebc00000, 0x0000000100000000)
  eden space 257024K, 0% used [0x00000000d5580000,0x00000000d5580000,0x00000000e5080000)
  from space 52736K, 0% used [0x00000000e8200000,0x00000000e8200000,0x00000000eb580000)
  to   space 50688K, 0% used [0x00000000e5080000,0x00000000e5080000,0x00000000e8200000)
 ParOldGen       total 232960K, used 82312K [0x0000000080000000, 0x000000008e380000, 0x00000000d5580000)
  object space 232960K, 35% used [0x0000000080000000,0x00000000850621c8,0x000000008e380000)
 Metaspace       used 92922K, capacity 96594K, committed 98380K, reserved 1134592K
  class space    used 12061K, capacity 12833K, committed 13184K, reserved 1048576K
}
Event: 32.520 GC heap before
{Heap before GC invocations=25 (full 4):
 PSYoungGen      total 309760K, used 257024K [0x00000000d5580000, 0x00000000ebc00000, 0x0000000100000000)
  eden space 257024K, 100% used [0x00000000d5580000,0x00000000e5080000,0x00000000e5080000)
  from space 52736K, 0% used [0x00000000e8200000,0x00000000e8200000,0x00000000eb580000)
  to   space 50688K, 0% used [0x00000000e5080000,0x00000000e5080000,0x00000000e8200000)
 ParOldGen       total 232960K, used 82312K [0x0000000080000000, 0x000000008e380000, 0x00000000d5580000)
  object space 232960K, 35% used [0x0000000080000000,0x00000000850621c8,0x000000008e380000)
 Metaspace       used 104989K, capacity 110492K, committed 110668K, reserved 1144832K
  class space    used 13988K, capacity 15182K, committed 15232K, reserved 1048576K
Event: 32.573 GC heap after
Heap after GC invocations=25 (full 4):
 PSYoungGen      total 307712K, used 23633K [0x00000000d5580000, 0x00000000ee180000, 0x0000000100000000)
  eden space 257024K, 0% used [0x00000000d5580000,0x00000000d5580000,0x00000000e5080000)
  from space 50688K, 46% used [0x00000000e5080000,0x00000000e67947e0,0x00000000e8200000)
  to   space 48640K, 0% used [0x00000000eb200000,0x00000000eb200000,0x00000000ee180000)
 ParOldGen       total 232960K, used 82320K [0x0000000080000000, 0x000000008e380000, 0x00000000d5580000)
  object space 232960K, 35% used [0x0000000080000000,0x00000000850641c8,0x000000008e380000)
 Metaspace       used 104989K, capacity 110492K, committed 110668K, reserved 1144832K
  class space    used 13988K, capacity 15182K, committed 15232K, reserved 1048576K
}

