# JRE version: OpenJDK Runtime Environment (8.0_242-b01) (build 1.8.0_242-release-1644-b01)
# Java VM: OpenJDK 64-Bit Server VM (25.242-b01 mixed mode windows-amd64 compressed oops)
Heap:
 PSYoungGen      total 623104K, used 513180K [0x00000000d5580000, 0x0000000100000000, 0x0000000100000000)
  eden space 559616K, 81% used [0x00000000d5580000,0x00000000f1333140,0x00000000f7800000)
  from space 63488K, 89% used [0x00000000fbd00000,0x00000000ff474270,0x00000000ffb00000)
  to   space 69632K, 0% used [0x00000000f7800000,0x00000000f7800000,0x00000000fbc00000)
 ParOldGen       total 348672K, used 229161K [0x0000000080000000, 0x0000000095480000, 0x00000000d5580000)
  object space 348672K, 65% used [0x0000000080000000,0x000000008dfca568,0x0000000095480000)
 Metaspace       used 97624K, capacity 103288K, committed 103704K, reserved 1138688K
  class space    used 12675K, capacity 13739K, committed 13872K, reserved 1048576K
GC Heap History (10 events):
Event: 371.919 GC heap before
{Heap before GC invocations=52 (full 6):
 PSYoungGen      total 628224K, used 601259K [0x00000000d5580000, 0x0000000100000000, 0x0000000100000000)
  eden space 557568K, 100% used [0x00000000d5580000,0x00000000f7600000,0x00000000f7600000)
  from space 70656K, 61% used [0x00000000f7600000,0x00000000fa0aac88,0x00000000fbb00000)
  to   space 70656K, 0% used [0x00000000fbb00000,0x00000000fbb00000,0x0000000100000000)
 ParOldGen       total 348672K, used 212185K [0x0000000080000000, 0x0000000095480000, 0x00000000d5580000)
  object space 348672K, 60% used [0x0000000080000000,0x000000008cf367d0,0x0000000095480000)
 Metaspace       used 93530K, capacity 98406K, committed 99224K, reserved 1134592K
  class space    used 12154K, capacity 13086K, committed 13488K, reserved 1048576K
Event: 371.986 GC heap after
Heap after GC invocations=52 (full 6):
 PSYoungGen      total 626176K, used 40764K [0x00000000d5580000, 0x00000000ffe00000, 0x0000000100000000)
  eden space 557568K, 0% used [0x00000000d5580000,0x00000000d5580000,0x00000000f7600000)
  from space 68608K, 59% used [0x00000000fbb00000,0x00000000fe2cf350,0x00000000ffe00000)
  to   space 69632K, 0% used [0x00000000f7600000,0x00000000f7600000,0x00000000fba00000)
 ParOldGen       total 348672K, used 223623K [0x0000000080000000, 0x0000000095480000, 0x00000000d5580000)
  object space 348672K, 64% used [0x0000000080000000,0x000000008da61e88,0x0000000095480000)
 Metaspace       used 93530K, capacity 98406K, committed 99224K, reserved 1134592K
  class space    used 12154K, capacity 13086K, committed 13488K, reserved 1048576K
}
Event: 374.609 GC heap before
{Heap before GC invocations=53 (full 6):
 PSYoungGen      total 626176K, used 598332K [0x00000000d5580000, 0x00000000ffe00000, 0x0000000100000000)
  eden space 557568K, 100% used [0x00000000d5580000,0x00000000f7600000,0x00000000f7600000)
  from space 68608K, 59% used [0x00000000fbb00000,0x00000000fe2cf350,0x00000000ffe00000)
  to   space 69632K, 0% used [0x00000000f7600000,0x00000000f7600000,0x00000000fba00000)
 ParOldGen       total 348672K, used 223623K [0x0000000080000000, 0x0000000095480000, 0x00000000d5580000)
  object space 348672K, 64% used [0x0000000080000000,0x000000008da61e88,0x0000000095480000)
 Metaspace       used 93623K, capacity 98492K, committed 99480K, reserved 1134592K
  class space    used 12155K, capacity 13089K, committed 13488K, reserved 1048576K
Event: 374.712 GC heap after
Heap after GC invocations=53 (full 6):
 PSYoungGen      total 591360K, used 33577K [0x00000000d5580000, 0x00000000ffa00000, 0x0000000100000000)
  eden space 557568K, 0% used [0x00000000d5580000,0x00000000d5580000,0x00000000f7600000)
  from space 33792K, 99% used [0x00000000f7600000,0x00000000f96ca428,0x00000000f9700000)
  to   space 66048K, 0% used [0x00000000fb980000,0x00000000fb980000,0x00000000ffa00000)
 ParOldGen       total 348672K, used 229145K [0x0000000080000000, 0x0000000095480000, 0x00000000d5580000)
  object space 348672K, 65% used [0x0000000080000000,0x000000008dfc6568,0x0000000095480000)
 Metaspace       used 93623K, capacity 98492K, committed 99480K, reserved 1134592K
  class space    used 12155K, capacity 13089K, committed 13488K, reserved 1048576K
}
Event: 377.368 GC heap before
{Heap before GC invocations=54 (full 6):
 PSYoungGen      total 591360K, used 591145K [0x00000000d5580000, 0x00000000ffa00000, 0x0000000100000000)
  eden space 557568K, 100% used [0x00000000d5580000,0x00000000f7600000,0x00000000f7600000)
  from space 33792K, 99% used [0x00000000f7600000,0x00000000f96ca428,0x00000000f9700000)
  to   space 66048K, 0% used [0x00000000fb980000,0x00000000fb980000,0x00000000ffa00000)
 ParOldGen       total 348672K, used 229145K [0x0000000080000000, 0x0000000095480000, 0x00000000d5580000)
  object space 348672K, 65% used [0x0000000080000000,0x000000008dfc6568,0x0000000095480000)
 Metaspace       used 93641K, capacity 98492K, committed 99480K, reserved 1134592K
  class space    used 12155K, capacity 13089K, committed 13488K, reserved 1048576K
Event: 377.396 GC heap after
Heap after GC invocations=54 (full 6):
 PSYoungGen      total 626688K, used 16176K [0x00000000d5580000, 0x0000000100000000, 0x0000000100000000)
  eden space 560640K, 0% used [0x00000000d5580000,0x00000000d5580000,0x00000000f7900000)
  from space 66048K, 24% used [0x00000000fb980000,0x00000000fc94c140,0x00000000ffa00000)
  to   space 66048K, 0% used [0x00000000f7900000,0x00000000f7900000,0x00000000fb980000)
 ParOldGen       total 348672K, used 229145K [0x0000000080000000, 0x0000000095480000, 0x00000000d5580000)
  object space 348672K, 65% used [0x0000000080000000,0x000000008dfc6568,0x0000000095480000)
 Metaspace       used 93641K, capacity 98492K, committed 99480K, reserved 1134592K
  class space    used 12155K, capacity 13089K, committed 13488K, reserved 1048576K
}
Event: 381.207 GC heap before
{Heap before GC invocations=55 (full 6):
 PSYoungGen      total 626688K, used 576816K [0x00000000d5580000, 0x0000000100000000, 0x0000000100000000)
  eden space 560640K, 100% used [0x00000000d5580000,0x00000000f7900000,0x00000000f7900000)
  from space 66048K, 24% used [0x00000000fb980000,0x00000000fc94c140,0x00000000ffa00000)
  to   space 66048K, 0% used [0x00000000f7900000,0x00000000f7900000,0x00000000fb980000)
 ParOldGen       total 348672K, used 229145K [0x0000000080000000, 0x0000000095480000, 0x00000000d5580000)
  object space 348672K, 65% used [0x0000000080000000,0x000000008dfc6568,0x0000000095480000)
 Metaspace       used 96134K, capacity 101234K, committed 101912K, reserved 1136640K
  class space    used 12559K, capacity 13554K, committed 13872K, reserved 1048576K
Event: 381.243 GC heap after
Heap after GC invocations=55 (full 6):
 PSYoungGen      total 626688K, used 29394K [0x00000000d5580000, 0x00000000ffb00000, 0x0000000100000000)
  eden space 560640K, 0% used [0x00000000d5580000,0x00000000d5580000,0x00000000f7900000)
  from space 66048K, 44% used [0x00000000f7900000,0x00000000f95b49b0,0x00000000fb980000)
  to   space 63488K, 0% used [0x00000000fbd00000,0x00000000fbd00000,0x00000000ffb00000)
 ParOldGen       total 348672K, used 229153K [0x0000000080000000, 0x0000000095480000, 0x00000000d5580000)
  object space 348672K, 65% used [0x0000000080000000,0x000000008dfc8568,0x0000000095480000)
 Metaspace       used 96134K, capacity 101234K, committed 101912K, reserved 1136640K
  class space    used 12559K, capacity 13554K, committed 13872K, reserved 1048576K
}
Event: 824.450 GC heap before
{Heap before GC invocations=56 (full 6):
 PSYoungGen      total 626688K, used 590034K [0x00000000d5580000, 0x00000000ffb00000, 0x0000000100000000)
  eden space 560640K, 100% used [0x00000000d5580000,0x00000000f7900000,0x00000000f7900000)
  from space 66048K, 44% used [0x00000000f7900000,0x00000000f95b49b0,0x00000000fb980000)
  to   space 63488K, 0% used [0x00000000fbd00000,0x00000000fbd00000,0x00000000ffb00000)
 ParOldGen       total 348672K, used 229153K [0x0000000080000000, 0x0000000095480000, 0x00000000d5580000)
  object space 348672K, 65% used [0x0000000080000000,0x000000008dfc8568,0x0000000095480000)
 Metaspace       used 96849K, capacity 102126K, committed 102680K, reserved 1138688K
  class space    used 12584K, capacity 13580K, committed 13872K, reserved 1048576K
Event: 824.592 GC heap after
Heap after GC invocations=56 (full 6):
 PSYoungGen      total 623104K, used 56784K [0x00000000d5580000, 0x0000000100000000, 0x0000000100000000)
  eden space 559616K, 0% used [0x00000000d5580000,0x00000000d5580000,0x00000000f7800000)
  from space 63488K, 89% used [0x00000000fbd00000,0x00000000ff474270,0x00000000ffb00000)
  to   space 69632K, 0% used [0x00000000f7800000,0x00000000f7800000,0x00000000fbc00000)
 ParOldGen       total 348672K, used 229161K [0x0000000080000000, 0x0000000095480000, 0x00000000d5580000)
  object space 348672K, 65% used [0x0000000080000000,0x000000008dfca568,0x0000000095480000)
 Metaspace       used 96849K, capacity 102126K, committed 102680K, reserved 1138688K
  class space    used 12584K, capacity 13580K, committed 13872K, reserved 1048576K
}

