# JRE version: OpenJDK Runtime Environment (8.0_242-b01) (build 1.8.0_242-release-1644-b01)
# Java VM: OpenJDK 64-Bit Server VM (25.242-b01 mixed mode windows-amd64 compressed oops)
Heap:
 PSYoungGen      total 277504K, used 189061K [0x00000000d5580000, 0x00000000ec280000, 0x0000000100000000)
  eden space 235520K, 62% used [0x00000000d5580000,0x00000000de521f00,0x00000000e3b80000)
  from space 41984K, 99% used [0x00000000e3b80000,0x00000000e647f7e8,0x00000000e6480000)
  to   space 49152K, 0% used [0x00000000e9280000,0x00000000e9280000,0x00000000ec280000)
 ParOldGen       total 249856K, used 83344K [0x0000000080000000, 0x000000008f400000, 0x00000000d5580000)
  object space 249856K, 33% used [0x0000000080000000,0x0000000085164230,0x000000008f400000)
 Metaspace       used 104854K, capacity 110740K, committed 110808K, reserved 1144832K
  class space    used 13830K, capacity 15104K, committed 15104K, reserved 1048576K
GC Heap History (10 events):
Event: 25.736 GC heap before
{Heap before GC invocations=21 (full 3):
 PSYoungGen      total 226816K, used 226796K [0x00000000d5580000, 0x00000000e6900000, 0x0000000100000000)
  eden space 200192K, 100% used [0x00000000d5580000,0x00000000e1900000,0x00000000e1900000)
  from space 26624K, 99% used [0x00000000e1900000,0x00000000e32fb2e0,0x00000000e3300000)
  to   space 31744K, 0% used [0x00000000e4a00000,0x00000000e4a00000,0x00000000e6900000)
 ParOldGen       total 143872K, used 66277K [0x0000000080000000, 0x0000000088c80000, 0x00000000d5580000)
  object space 143872K, 46% used [0x0000000080000000,0x00000000840b97c0,0x0000000088c80000)
 Metaspace       used 92505K, capacity 97080K, committed 97368K, reserved 1134592K
  class space    used 12027K, capacity 12895K, committed 12928K, reserved 1048576K
Event: 25.813 GC heap after
Heap after GC invocations=21 (full 3):
 PSYoungGen      total 239104K, used 31721K [0x00000000d5580000, 0x00000000e7e80000, 0x0000000100000000)
  eden space 207360K, 0% used [0x00000000d5580000,0x00000000d5580000,0x00000000e2000000)
  from space 31744K, 99% used [0x00000000e4a00000,0x00000000e68fa4b0,0x00000000e6900000)
  to   space 43008K, 0% used [0x00000000e2000000,0x00000000e2000000,0x00000000e4a00000)
 ParOldGen       total 143872K, used 84104K [0x0000000080000000, 0x0000000088c80000, 0x00000000d5580000)
  object space 143872K, 58% used [0x0000000080000000,0x0000000085222370,0x0000000088c80000)
 Metaspace       used 92505K, capacity 97080K, committed 97368K, reserved 1134592K
  class space    used 12027K, capacity 12895K, committed 12928K, reserved 1048576K
}
Event: 26.567 GC heap before
{Heap before GC invocations=22 (full 3):
 PSYoungGen      total 239104K, used 114686K [0x00000000d5580000, 0x00000000e7e80000, 0x0000000100000000)
  eden space 207360K, 40% used [0x00000000d5580000,0x00000000da685448,0x00000000e2000000)
  from space 31744K, 99% used [0x00000000e4a00000,0x00000000e68fa4b0,0x00000000e6900000)
  to   space 43008K, 0% used [0x00000000e2000000,0x00000000e2000000,0x00000000e4a00000)
 ParOldGen       total 143872K, used 84104K [0x0000000080000000, 0x0000000088c80000, 0x00000000d5580000)
  object space 143872K, 58% used [0x0000000080000000,0x0000000085222370,0x0000000088c80000)
 Metaspace       used 93607K, capacity 98208K, committed 98264K, reserved 1134592K
  class space    used 12153K, capacity 13046K, committed 13056K, reserved 1048576K
Event: 26.614 GC heap after
Heap after GC invocations=22 (full 3):
 PSYoungGen      total 250368K, used 11837K [0x00000000d5580000, 0x00000000e8d00000, 0x0000000100000000)
  eden space 207360K, 0% used [0x00000000d5580000,0x00000000d5580000,0x00000000e2000000)
  from space 43008K, 27% used [0x00000000e2000000,0x00000000e2b8f520,0x00000000e4a00000)
  to   space 41472K, 0% used [0x00000000e6480000,0x00000000e6480000,0x00000000e8d00000)
 ParOldGen       total 143872K, used 115339K [0x0000000080000000, 0x0000000088c80000, 0x00000000d5580000)
  object space 143872K, 80% used [0x0000000080000000,0x00000000870a2c30,0x0000000088c80000)
 Metaspace       used 93607K, capacity 98208K, committed 98264K, reserved 1134592K
  class space    used 12153K, capacity 13046K, committed 13056K, reserved 1048576K
}
Event: 26.614 GC heap before
{Heap before GC invocations=23 (full 4):
 PSYoungGen      total 250368K, used 11837K [0x00000000d5580000, 0x00000000e8d00000, 0x0000000100000000)
  eden space 207360K, 0% used [0x00000000d5580000,0x00000000d5580000,0x00000000e2000000)
  from space 43008K, 27% used [0x00000000e2000000,0x00000000e2b8f520,0x00000000e4a00000)
  to   space 41472K, 0% used [0x00000000e6480000,0x00000000e6480000,0x00000000e8d00000)
 ParOldGen       total 143872K, used 115339K [0x0000000080000000, 0x0000000088c80000, 0x00000000d5580000)
  object space 143872K, 80% used [0x0000000080000000,0x00000000870a2c30,0x0000000088c80000)
 Metaspace       used 93607K, capacity 98208K, committed 98264K, reserved 1134592K
  class space    used 12153K, capacity 13046K, committed 13056K, reserved 1048576K
Event: 26.872 GC heap after
Heap after GC invocations=23 (full 4):
 PSYoungGen      total 250368K, used 0K [0x00000000d5580000, 0x00000000e8d00000, 0x0000000100000000)
  eden space 207360K, 0% used [0x00000000d5580000,0x00000000d5580000,0x00000000e2000000)
  from space 43008K, 0% used [0x00000000e2000000,0x00000000e2000000,0x00000000e4a00000)
  to   space 41472K, 0% used [0x00000000e6480000,0x00000000e6480000,0x00000000e8d00000)
 ParOldGen       total 249856K, used 81364K [0x0000000080000000, 0x000000008f400000, 0x00000000d5580000)
  object space 249856K, 32% used [0x0000000080000000,0x0000000084f750d0,0x000000008f400000)
 Metaspace       used 93123K, capacity 96806K, committed 98264K, reserved 1134592K
  class space    used 11997K, capacity 12771K, committed 13056K, reserved 1048576K
}
Event: 27.717 GC heap before
{Heap before GC invocations=24 (full 4):
 PSYoungGen      total 250368K, used 207360K [0x00000000d5580000, 0x00000000e8d00000, 0x0000000100000000)
  eden space 207360K, 100% used [0x00000000d5580000,0x00000000e2000000,0x00000000e2000000)
  from space 43008K, 0% used [0x00000000e2000000,0x00000000e2000000,0x00000000e4a00000)
  to   space 41472K, 0% used [0x00000000e6480000,0x00000000e6480000,0x00000000e8d00000)
 ParOldGen       total 249856K, used 81388K [0x0000000080000000, 0x000000008f400000, 0x00000000d5580000)
  object space 249856K, 32% used [0x0000000080000000,0x0000000084f7b0f0,0x000000008f400000)
 Metaspace       used 94253K, capacity 97994K, committed 99416K, reserved 1136640K
  class space    used 12104K, capacity 12881K, committed 13184K, reserved 1048576K
Event: 27.751 GC heap after
Heap after GC invocations=24 (full 4):
 PSYoungGen      total 276992K, used 24795K [0x00000000d5580000, 0x00000000e9280000, 0x0000000100000000)
  eden space 235520K, 0% used [0x00000000d5580000,0x00000000d5580000,0x00000000e3b80000)
  from space 41472K, 59% used [0x00000000e6480000,0x00000000e7cb6e20,0x00000000e8d00000)
  to   space 41984K, 0% used [0x00000000e3b80000,0x00000000e3b80000,0x00000000e6480000)
 ParOldGen       total 249856K, used 81396K [0x0000000080000000, 0x000000008f400000, 0x00000000d5580000)
  object space 249856K, 32% used [0x0000000080000000,0x0000000084f7d0f0,0x000000008f400000)
 Metaspace       used 94253K, capacity 97994K, committed 99416K, reserved 1136640K
  class space    used 12104K, capacity 12881K, committed 13184K, reserved 1048576K
}
Event: 28.901 GC heap before
{Heap before GC invocations=25 (full 4):
 PSYoungGen      total 276992K, used 260315K [0x00000000d5580000, 0x00000000e9280000, 0x0000000100000000)
  eden space 235520K, 100% used [0x00000000d5580000,0x00000000e3b80000,0x00000000e3b80000)
  from space 41472K, 59% used [0x00000000e6480000,0x00000000e7cb6e20,0x00000000e8d00000)
  to   space 41984K, 0% used [0x00000000e3b80000,0x00000000e3b80000,0x00000000e6480000)
 ParOldGen       total 249856K, used 81463K [0x0000000080000000, 0x000000008f400000, 0x00000000d5580000)
  object space 249856K, 32% used [0x0000000080000000,0x0000000084f8df38,0x000000008f400000)
 Metaspace       used 101984K, capacity 107232K, committed 107352K, reserved 1142784K
  class space    used 13451K, capacity 14620K, committed 14720K, reserved 1048576K
Event: 28.946 GC heap after
Heap after GC invocations=25 (full 4):
 PSYoungGen      total 277504K, used 41981K [0x00000000d5580000, 0x00000000ec280000, 0x0000000100000000)
  eden space 235520K, 0% used [0x00000000d5580000,0x00000000d5580000,0x00000000e3b80000)
  from space 41984K, 99% used [0x00000000e3b80000,0x00000000e647f7e8,0x00000000e6480000)
  to   space 49152K, 0% used [0x00000000e9280000,0x00000000e9280000,0x00000000ec280000)
 ParOldGen       total 249856K, used 83344K [0x0000000080000000, 0x000000008f400000, 0x00000000d5580000)
  object space 249856K, 33% used [0x0000000080000000,0x0000000085164230,0x000000008f400000)
 Metaspace       used 101984K, capacity 107232K, committed 107352K, reserved 1142784K
  class space    used 13451K, capacity 14620K, committed 14720K, reserved 1048576K
}

