# JRE version: OpenJDK Runtime Environment (8.0_242-b01) (build 1.8.0_242-release-1644-b01)
# Java VM: OpenJDK 64-Bit Server VM (25.242-b01 mixed mode windows-amd64 compressed oops)
Heap:
 PSYoungGen      total 201216K, used 94710K [0x00000000d5580000, 0x00000000e3400000, 0x0000000100000000)
  eden space 176640K, 39% used [0x00000000d5580000,0x00000000d99fe5e8,0x00000000e0200000)
  from space 24576K, 99% used [0x00000000e0200000,0x00000000e19ff500,0x00000000e1a00000)
  to   space 21504K, 0% used [0x00000000e1a00000,0x00000000e1a00000,0x00000000e2f00000)
 ParOldGen       total 144896K, used 40077K [0x0000000080000000, 0x0000000088d80000, 0x00000000d5580000)
  object space 144896K, 27% used [0x0000000080000000,0x0000000082723768,0x0000000088d80000)
 Metaspace       used 74697K, capacity 79002K, committed 79192K, reserved 1118208K
  class space    used 10216K, capacity 11030K, committed 11136K, reserved 1048576K
GC Heap History (10 events):
Event: 7.542 GC heap before
{Heap before GC invocations=14 (full 2):
 PSYoungGen      total 146432K, used 98596K [0x00000000d5580000, 0x00000000e0d80000, 0x0000000100000000)
  eden space 134656K, 64% used [0x00000000d5580000,0x00000000daa50b70,0x00000000dd900000)
  from space 11776K, 99% used [0x00000000dd900000,0x00000000de4787d8,0x00000000de480000)
  to   space 15872K, 0% used [0x00000000dfe00000,0x00000000dfe00000,0x00000000e0d80000)
 ParOldGen       total 92672K, used 23012K [0x0000000080000000, 0x0000000085a80000, 0x00000000d5580000)
  object space 92672K, 24% used [0x0000000080000000,0x00000000816792b0,0x0000000085a80000)
 Metaspace       used 56461K, capacity 58858K, committed 59028K, reserved 1099776K
  class space    used 7631K, capacity 8172K, committed 8192K, reserved 1048576K
Event: 7.567 GC heap after
Heap after GC invocations=14 (full 2):
 PSYoungGen      total 168960K, used 15846K [0x00000000d5580000, 0x00000000e2080000, 0x0000000100000000)
  eden space 153088K, 0% used [0x00000000d5580000,0x00000000d5580000,0x00000000deb00000)
  from space 15872K, 99% used [0x00000000dfe00000,0x00000000e0d79b40,0x00000000e0d80000)
  to   space 19456K, 0% used [0x00000000deb00000,0x00000000deb00000,0x00000000dfe00000)
 ParOldGen       total 92672K, used 27871K [0x0000000080000000, 0x0000000085a80000, 0x00000000d5580000)
  object space 92672K, 30% used [0x0000000080000000,0x0000000081b37de0,0x0000000085a80000)
 Metaspace       used 56461K, capacity 58858K, committed 59028K, reserved 1099776K
  class space    used 7631K, capacity 8172K, committed 8192K, reserved 1048576K
}
Event: 7.567 GC heap before
{Heap before GC invocations=15 (full 3):
 PSYoungGen      total 168960K, used 15846K [0x00000000d5580000, 0x00000000e2080000, 0x0000000100000000)
  eden space 153088K, 0% used [0x00000000d5580000,0x00000000d5580000,0x00000000deb00000)
  from space 15872K, 99% used [0x00000000dfe00000,0x00000000e0d79b40,0x00000000e0d80000)
  to   space 19456K, 0% used [0x00000000deb00000,0x00000000deb00000,0x00000000dfe00000)
 ParOldGen       total 92672K, used 27871K [0x0000000080000000, 0x0000000085a80000, 0x00000000d5580000)
  object space 92672K, 30% used [0x0000000080000000,0x0000000081b37de0,0x0000000085a80000)
 Metaspace       used 56461K, capacity 58858K, committed 59028K, reserved 1099776K
  class space    used 7631K, capacity 8172K, committed 8192K, reserved 1048576K
Event: 7.816 GC heap after
Heap after GC invocations=15 (full 3):
 PSYoungGen      total 168960K, used 0K [0x00000000d5580000, 0x00000000e2080000, 0x0000000100000000)
  eden space 153088K, 0% used [0x00000000d5580000,0x00000000d5580000,0x00000000deb00000)
  from space 15872K, 0% used [0x00000000dfe00000,0x00000000dfe00000,0x00000000e0d80000)
  to   space 19456K, 0% used [0x00000000deb00000,0x00000000deb00000,0x00000000dfe00000)
 ParOldGen       total 144896K, used 33515K [0x0000000080000000, 0x0000000088d80000, 0x00000000d5580000)
  object space 144896K, 23% used [0x0000000080000000,0x00000000820bac58,0x0000000088d80000)
 Metaspace       used 56412K, capacity 58690K, committed 59028K, reserved 1099776K
  class space    used 7615K, capacity 8144K, committed 8192K, reserved 1048576K
}
Event: 9.735 GC heap before
{Heap before GC invocations=16 (full 3):
 PSYoungGen      total 168960K, used 153088K [0x00000000d5580000, 0x00000000e2080000, 0x0000000100000000)
  eden space 153088K, 100% used [0x00000000d5580000,0x00000000deb00000,0x00000000deb00000)
  from space 15872K, 0% used [0x00000000dfe00000,0x00000000dfe00000,0x00000000e0d80000)
  to   space 19456K, 0% used [0x00000000deb00000,0x00000000deb00000,0x00000000dfe00000)
 ParOldGen       total 144896K, used 33515K [0x0000000080000000, 0x0000000088d80000, 0x00000000d5580000)
  object space 144896K, 23% used [0x0000000080000000,0x00000000820bac58,0x0000000088d80000)
 Metaspace       used 64910K, capacity 68652K, committed 68824K, reserved 1107968K
  class space    used 8936K, capacity 9639K, committed 9728K, reserved 1048576K
Event: 9.753 GC heap after
Heap after GC invocations=16 (full 3):
 PSYoungGen      total 172544K, used 17382K [0x00000000d5580000, 0x00000000e2f00000, 0x0000000100000000)
  eden space 153088K, 0% used [0x00000000d5580000,0x00000000d5580000,0x00000000deb00000)
  from space 19456K, 89% used [0x00000000deb00000,0x00000000dfbf9bd0,0x00000000dfe00000)
  to   space 21504K, 0% used [0x00000000e1a00000,0x00000000e1a00000,0x00000000e2f00000)
 ParOldGen       total 144896K, used 33523K [0x0000000080000000, 0x0000000088d80000, 0x00000000d5580000)
  object space 144896K, 23% used [0x0000000080000000,0x00000000820bcc58,0x0000000088d80000)
 Metaspace       used 64910K, capacity 68652K, committed 68824K, reserved 1107968K
  class space    used 8936K, capacity 9639K, committed 9728K, reserved 1048576K
}
Event: 11.154 GC heap before
{Heap before GC invocations=17 (full 3):
 PSYoungGen      total 172544K, used 170466K [0x00000000d5580000, 0x00000000e2f00000, 0x0000000100000000)
  eden space 153088K, 99% used [0x00000000d5580000,0x00000000deafed78,0x00000000deb00000)
  from space 19456K, 89% used [0x00000000deb00000,0x00000000dfbf9bd0,0x00000000dfe00000)
  to   space 21504K, 0% used [0x00000000e1a00000,0x00000000e1a00000,0x00000000e2f00000)
 ParOldGen       total 144896K, used 33523K [0x0000000080000000, 0x0000000088d80000, 0x00000000d5580000)
  object space 144896K, 23% used [0x0000000080000000,0x00000000820bcc58,0x0000000088d80000)
 Metaspace       used 66667K, capacity 70556K, committed 70872K, reserved 1110016K
  class space    used 9121K, capacity 9877K, committed 9984K, reserved 1048576K
Event: 11.173 GC heap after
Heap after GC invocations=17 (full 3):
 PSYoungGen      total 198144K, used 20993K [0x00000000d5580000, 0x00000000e3400000, 0x0000000100000000)
  eden space 176640K, 0% used [0x00000000d5580000,0x00000000d5580000,0x00000000e0200000)
  from space 21504K, 97% used [0x00000000e1a00000,0x00000000e2e80610,0x00000000e2f00000)
  to   space 24576K, 0% used [0x00000000e0200000,0x00000000e0200000,0x00000000e1a00000)
 ParOldGen       total 144896K, used 33531K [0x0000000080000000, 0x0000000088d80000, 0x00000000d5580000)
  object space 144896K, 23% used [0x0000000080000000,0x00000000820bec58,0x0000000088d80000)
 Metaspace       used 66667K, capacity 70556K, committed 70872K, reserved 1110016K
  class space    used 9121K, capacity 9877K, committed 9984K, reserved 1048576K
}
Event: 12.515 GC heap before
{Heap before GC invocations=18 (full 3):
 PSYoungGen      total 198144K, used 197633K [0x00000000d5580000, 0x00000000e3400000, 0x0000000100000000)
  eden space 176640K, 100% used [0x00000000d5580000,0x00000000e0200000,0x00000000e0200000)
  from space 21504K, 97% used [0x00000000e1a00000,0x00000000e2e80610,0x00000000e2f00000)
  to   space 24576K, 0% used [0x00000000e0200000,0x00000000e0200000,0x00000000e1a00000)
 ParOldGen       total 144896K, used 33531K [0x0000000080000000, 0x0000000088d80000, 0x00000000d5580000)
  object space 144896K, 23% used [0x0000000080000000,0x00000000820bec58,0x0000000088d80000)
 Metaspace       used 71056K, capacity 75110K, committed 75224K, reserved 1114112K
  class space    used 9693K, capacity 10476K, committed 10496K, reserved 1048576K
Event: 12.548 GC heap after
Heap after GC invocations=18 (full 3):
 PSYoungGen      total 201216K, used 24573K [0x00000000d5580000, 0x00000000e3400000, 0x0000000100000000)
  eden space 176640K, 0% used [0x00000000d5580000,0x00000000d5580000,0x00000000e0200000)
  from space 24576K, 99% used [0x00000000e0200000,0x00000000e19ff500,0x00000000e1a00000)
  to   space 21504K, 0% used [0x00000000e1a00000,0x00000000e1a00000,0x00000000e2f00000)
 ParOldGen       total 144896K, used 40077K [0x0000000080000000, 0x0000000088d80000, 0x00000000d5580000)
  object space 144896K, 27% used [0x0000000080000000,0x0000000082723768,0x0000000088d80000)
 Metaspace       used 71056K, capacity 75110K, committed 75224K, reserved 1114112K
  class space    used 9693K, capacity 10476K, committed 10496K, reserved 1048576K
}

