# JRE version: OpenJDK Runtime Environment (8.0_242-b01) (build 1.8.0_242-release-1644-b01)
# Java VM: OpenJDK 64-Bit Server VM (25.242-b01 mixed mode windows-amd64 compressed oops)
Heap:
 PSYoungGen      total 202240K, used 55028K [0x00000000d5580000, 0x00000000e5200000, 0x0000000100000000)
  eden space 185344K, 20% used [0x00000000d5580000,0x00000000d7b497b8,0x00000000e0a80000)
  from space 16896K, 96% used [0x00000000e0a80000,0x00000000e1a73b40,0x00000000e1b00000)
  to   space 18944K, 0% used [0x00000000e3f80000,0x00000000e3f80000,0x00000000e5200000)
 ParOldGen       total 134656K, used 36823K [0x0000000080000000, 0x0000000088380000, 0x00000000d5580000)
  object space 134656K, 27% used [0x0000000080000000,0x00000000823f5e40,0x0000000088380000)
 Metaspace       used 67982K, capacity 70998K, committed 71128K, reserved 1110016K
  class space    used 9313K, capacity 9915K, committed 9984K, reserved 1048576K
GC Heap History (10 events):
Event: 14.148 GC heap before
{Heap before GC invocations=12 (full 2):
 PSYoungGen      total 121856K, used 110080K [0x00000000d5580000, 0x00000000e0700000, 0x0000000100000000)
  eden space 110080K, 100% used [0x00000000d5580000,0x00000000dc100000,0x00000000dc100000)
  from space 11776K, 0% used [0x00000000dc100000,0x00000000dc100000,0x00000000dcc80000)
  to   space 11776K, 0% used [0x00000000dfb80000,0x00000000dfb80000,0x00000000e0700000)
 ParOldGen       total 80896K, used 14935K [0x0000000080000000, 0x0000000084f00000, 0x00000000d5580000)
  object space 80896K, 18% used [0x0000000080000000,0x0000000080e95cb8,0x0000000084f00000)
 Metaspace       used 38384K, capacity 40220K, committed 40408K, reserved 1083392K
  class space    used 5277K, capacity 5629K, committed 5632K, reserved 1048576K
Event: 14.164 GC heap after
Heap after GC invocations=12 (full 2):
 PSYoungGen      total 153600K, used 9346K [0x00000000d5580000, 0x00000000e0500000, 0x0000000100000000)
  eden space 143872K, 0% used [0x00000000d5580000,0x00000000d5580000,0x00000000de200000)
  from space 9728K, 96% used [0x00000000dfb80000,0x00000000e04a0810,0x00000000e0500000)
  to   space 12288K, 0% used [0x00000000ded00000,0x00000000ded00000,0x00000000df900000)
 ParOldGen       total 80896K, used 14943K [0x0000000080000000, 0x0000000084f00000, 0x00000000d5580000)
  object space 80896K, 18% used [0x0000000080000000,0x0000000080e97cb8,0x0000000084f00000)
 Metaspace       used 38384K, capacity 40220K, committed 40408K, reserved 1083392K
  class space    used 5277K, capacity 5629K, committed 5632K, reserved 1048576K
}
Event: 17.612 GC heap before
{Heap before GC invocations=13 (full 2):
 PSYoungGen      total 153600K, used 153218K [0x00000000d5580000, 0x00000000e0500000, 0x0000000100000000)
  eden space 143872K, 100% used [0x00000000d5580000,0x00000000de200000,0x00000000de200000)
  from space 9728K, 96% used [0x00000000dfb80000,0x00000000e04a0810,0x00000000e0500000)
  to   space 12288K, 0% used [0x00000000ded00000,0x00000000ded00000,0x00000000df900000)
 ParOldGen       total 80896K, used 14943K [0x0000000080000000, 0x0000000084f00000, 0x00000000d5580000)
  object space 80896K, 18% used [0x0000000080000000,0x0000000080e97cb8,0x0000000084f00000)
 Metaspace       used 49503K, capacity 51624K, committed 51928K, reserved 1093632K
  class space    used 6662K, capacity 7119K, committed 7168K, reserved 1048576K
Event: 17.641 GC heap after
Heap after GC invocations=13 (full 2):
 PSYoungGen      total 167424K, used 12276K [0x00000000d5580000, 0x00000000e2b80000, 0x0000000100000000)
  eden space 155136K, 0% used [0x00000000d5580000,0x00000000d5580000,0x00000000ded00000)
  from space 12288K, 99% used [0x00000000ded00000,0x00000000df8fd320,0x00000000df900000)
  to   space 16896K, 0% used [0x00000000e1b00000,0x00000000e1b00000,0x00000000e2b80000)
 ParOldGen       total 80896K, used 23315K [0x0000000080000000, 0x0000000084f00000, 0x00000000d5580000)
  object space 80896K, 28% used [0x0000000080000000,0x00000000816c4cd8,0x0000000084f00000)
 Metaspace       used 49503K, capacity 51624K, committed 51928K, reserved 1093632K
  class space    used 6662K, capacity 7119K, committed 7168K, reserved 1048576K
}
Event: 19.773 GC heap before
{Heap before GC invocations=14 (full 2):
 PSYoungGen      total 167424K, used 102430K [0x00000000d5580000, 0x00000000e2b80000, 0x0000000100000000)
  eden space 155136K, 58% used [0x00000000d5580000,0x00000000dad8a668,0x00000000ded00000)
  from space 12288K, 99% used [0x00000000ded00000,0x00000000df8fd320,0x00000000df900000)
  to   space 16896K, 0% used [0x00000000e1b00000,0x00000000e1b00000,0x00000000e2b80000)
 ParOldGen       total 80896K, used 23315K [0x0000000080000000, 0x0000000084f00000, 0x00000000d5580000)
  object space 80896K, 28% used [0x0000000080000000,0x00000000816c4cd8,0x0000000084f00000)
 Metaspace       used 56522K, capacity 58978K, committed 59028K, reserved 1099776K
  class space    used 7605K, capacity 8145K, committed 8192K, reserved 1048576K
Event: 19.825 GC heap after
Heap after GC invocations=14 (full 2):
 PSYoungGen      total 202240K, used 10680K [0x00000000d5580000, 0x00000000e3d00000, 0x0000000100000000)
  eden space 185344K, 0% used [0x00000000d5580000,0x00000000d5580000,0x00000000e0a80000)
  from space 16896K, 63% used [0x00000000e1b00000,0x00000000e256e230,0x00000000e2b80000)
  to   space 16896K, 0% used [0x00000000e0a80000,0x00000000e0a80000,0x00000000e1b00000)
 ParOldGen       total 80896K, used 35567K [0x0000000080000000, 0x0000000084f00000, 0x00000000d5580000)
  object space 80896K, 43% used [0x0000000080000000,0x00000000822bbf00,0x0000000084f00000)
 Metaspace       used 56522K, capacity 58978K, committed 59028K, reserved 1099776K
  class space    used 7605K, capacity 8145K, committed 8192K, reserved 1048576K
}
Event: 19.825 GC heap before
{Heap before GC invocations=15 (full 3):
 PSYoungGen      total 202240K, used 10680K [0x00000000d5580000, 0x00000000e3d00000, 0x0000000100000000)
  eden space 185344K, 0% used [0x00000000d5580000,0x00000000d5580000,0x00000000e0a80000)
  from space 16896K, 63% used [0x00000000e1b00000,0x00000000e256e230,0x00000000e2b80000)
  to   space 16896K, 0% used [0x00000000e0a80000,0x00000000e0a80000,0x00000000e1b00000)
 ParOldGen       total 80896K, used 35567K [0x0000000080000000, 0x0000000084f00000, 0x00000000d5580000)
  object space 80896K, 43% used [0x0000000080000000,0x00000000822bbf00,0x0000000084f00000)
 Metaspace       used 56522K, capacity 58978K, committed 59028K, reserved 1099776K
  class space    used 7605K, capacity 8145K, committed 8192K, reserved 1048576K
Event: 20.378 GC heap after
Heap after GC invocations=15 (full 3):
 PSYoungGen      total 202240K, used 0K [0x00000000d5580000, 0x00000000e3d00000, 0x0000000100000000)
  eden space 185344K, 0% used [0x00000000d5580000,0x00000000d5580000,0x00000000e0a80000)
  from space 16896K, 0% used [0x00000000e1b00000,0x00000000e1b00000,0x00000000e2b80000)
  to   space 16896K, 0% used [0x00000000e0a80000,0x00000000e0a80000,0x00000000e1b00000)
 ParOldGen       total 134656K, used 36823K [0x0000000080000000, 0x0000000088380000, 0x00000000d5580000)
  object space 134656K, 27% used [0x0000000080000000,0x00000000823f5e40,0x0000000088380000)
 Metaspace       used 56481K, capacity 58840K, committed 59028K, reserved 1099776K
  class space    used 7592K, capacity 8122K, committed 8192K, reserved 1048576K
}
Event: 27.332 GC heap before
{Heap before GC invocations=16 (full 3):
 PSYoungGen      total 202240K, used 185344K [0x00000000d5580000, 0x00000000e3d00000, 0x0000000100000000)
  eden space 185344K, 100% used [0x00000000d5580000,0x00000000e0a80000,0x00000000e0a80000)
  from space 16896K, 0% used [0x00000000e1b00000,0x00000000e1b00000,0x00000000e2b80000)
  to   space 16896K, 0% used [0x00000000e0a80000,0x00000000e0a80000,0x00000000e1b00000)
 ParOldGen       total 134656K, used 36823K [0x0000000080000000, 0x0000000088380000, 0x00000000d5580000)
  object space 134656K, 27% used [0x0000000080000000,0x00000000823f5e40,0x0000000088380000)
 Metaspace       used 66306K, capacity 69334K, committed 69592K, reserved 1110016K
  class space    used 9078K, capacity 9685K, committed 9728K, reserved 1048576K
Event: 27.411 GC heap after
Heap after GC invocations=16 (full 3):
 PSYoungGen      total 202240K, used 16334K [0x00000000d5580000, 0x00000000e5200000, 0x0000000100000000)
  eden space 185344K, 0% used [0x00000000d5580000,0x00000000d5580000,0x00000000e0a80000)
  from space 16896K, 96% used [0x00000000e0a80000,0x00000000e1a73b40,0x00000000e1b00000)
  to   space 18944K, 0% used [0x00000000e3f80000,0x00000000e3f80000,0x00000000e5200000)
 ParOldGen       total 134656K, used 36823K [0x0000000080000000, 0x0000000088380000, 0x00000000d5580000)
  object space 134656K, 27% used [0x0000000080000000,0x00000000823f5e40,0x0000000088380000)
 Metaspace       used 66306K, capacity 69334K, committed 69592K, reserved 1110016K
  class space    used 9078K, capacity 9685K, committed 9728K, reserved 1048576K
}

