# JRE version: OpenJDK Runtime Environment (8.0_242-b01) (build 1.8.0_242-release-1644-b01)
# Java VM: OpenJDK 64-Bit Server VM (25.242-b01 mixed mode windows-amd64 compressed oops)
Heap:
 PSYoungGen      total 238080K, used 65509K [0x00000000d5580000, 0x00000000e5300000, 0x0000000100000000)
  eden space 218624K, 21% used [0x00000000d5580000,0x00000000d82804c8,0x00000000e2b00000)
  from space 19456K, 99% used [0x00000000e2b00000,0x00000000e3df8f48,0x00000000e3e00000)
  to   space 18944K, 0% used [0x00000000e3e00000,0x00000000e3e00000,0x00000000e5080000)
 ParOldGen       total 130560K, used 47538K [0x0000000080000000, 0x0000000087f80000, 0x00000000d5580000)
  object space 130560K, 36% used [0x0000000080000000,0x0000000082e6c900,0x0000000087f80000)
 Metaspace       used 74488K, capacity 78752K, committed 79064K, reserved 1118208K
  class space    used 10118K, capacity 10919K, committed 11008K, reserved 1048576K
GC Heap History (10 events):
Event: 13.934 GC heap before
{Heap before GC invocations=14 (full 2):
 PSYoungGen      total 157696K, used 82645K [0x00000000d5580000, 0x00000000e2600000, 0x0000000100000000)
  eden space 145920K, 48% used [0x00000000d5580000,0x00000000d9ab9c68,0x00000000de400000)
  from space 11776K, 99% used [0x00000000de400000,0x00000000def7bb58,0x00000000def80000)
  to   space 16384K, 0% used [0x00000000e1600000,0x00000000e1600000,0x00000000e2600000)
 ParOldGen       total 84480K, used 24535K [0x0000000080000000, 0x0000000085280000, 0x00000000d5580000)
  object space 84480K, 29% used [0x0000000080000000,0x00000000817f5fc8,0x0000000085280000)
 Metaspace       used 56388K, capacity 58858K, committed 59028K, reserved 1099776K
  class space    used 7617K, capacity 8172K, committed 8192K, reserved 1048576K
Event: 13.962 GC heap after
Heap after GC invocations=14 (full 2):
 PSYoungGen      total 197632K, used 8368K [0x00000000d5580000, 0x00000000e2e80000, 0x0000000100000000)
  eden space 181248K, 0% used [0x00000000d5580000,0x00000000d5580000,0x00000000e0680000)
  from space 16384K, 51% used [0x00000000e1600000,0x00000000e1e2c210,0x00000000e2600000)
  to   space 15872K, 0% used [0x00000000e0680000,0x00000000e0680000,0x00000000e1600000)
 ParOldGen       total 84480K, used 31857K [0x0000000080000000, 0x0000000085280000, 0x00000000d5580000)
  object space 84480K, 37% used [0x0000000080000000,0x0000000081f1c6a0,0x0000000085280000)
 Metaspace       used 56388K, capacity 58858K, committed 59028K, reserved 1099776K
  class space    used 7617K, capacity 8172K, committed 8192K, reserved 1048576K
}
Event: 13.962 GC heap before
{Heap before GC invocations=15 (full 3):
 PSYoungGen      total 197632K, used 8368K [0x00000000d5580000, 0x00000000e2e80000, 0x0000000100000000)
  eden space 181248K, 0% used [0x00000000d5580000,0x00000000d5580000,0x00000000e0680000)
  from space 16384K, 51% used [0x00000000e1600000,0x00000000e1e2c210,0x00000000e2600000)
  to   space 15872K, 0% used [0x00000000e0680000,0x00000000e0680000,0x00000000e1600000)
 ParOldGen       total 84480K, used 31857K [0x0000000080000000, 0x0000000085280000, 0x00000000d5580000)
  object space 84480K, 37% used [0x0000000080000000,0x0000000081f1c6a0,0x0000000085280000)
 Metaspace       used 56388K, capacity 58858K, committed 59028K, reserved 1099776K
  class space    used 7617K, capacity 8172K, committed 8192K, reserved 1048576K
Event: 14.297 GC heap after
Heap after GC invocations=15 (full 3):
 PSYoungGen      total 197632K, used 0K [0x00000000d5580000, 0x00000000e2e80000, 0x0000000100000000)
  eden space 181248K, 0% used [0x00000000d5580000,0x00000000d5580000,0x00000000e0680000)
  from space 16384K, 0% used [0x00000000e1600000,0x00000000e1600000,0x00000000e2600000)
  to   space 15872K, 0% used [0x00000000e0680000,0x00000000e0680000,0x00000000e1600000)
 ParOldGen       total 130560K, used 32161K [0x0000000080000000, 0x0000000087f80000, 0x00000000d5580000)
  object space 130560K, 24% used [0x0000000080000000,0x0000000081f68608,0x0000000087f80000)
 Metaspace       used 56339K, capacity 58690K, committed 59028K, reserved 1099776K
  class space    used 7602K, capacity 8144K, committed 8192K, reserved 1048576K
}
Event: 17.672 GC heap before
{Heap before GC invocations=16 (full 3):
 PSYoungGen      total 197632K, used 181248K [0x00000000d5580000, 0x00000000e2e80000, 0x0000000100000000)
  eden space 181248K, 100% used [0x00000000d5580000,0x00000000e0680000,0x00000000e0680000)
  from space 16384K, 0% used [0x00000000e1600000,0x00000000e1600000,0x00000000e2600000)
  to   space 15872K, 0% used [0x00000000e0680000,0x00000000e0680000,0x00000000e1600000)
 ParOldGen       total 130560K, used 32161K [0x0000000080000000, 0x0000000087f80000, 0x00000000d5580000)
  object space 130560K, 24% used [0x0000000080000000,0x0000000081f68608,0x0000000087f80000)
 Metaspace       used 65246K, capacity 68960K, committed 69080K, reserved 1107968K
  class space    used 8944K, capacity 9689K, committed 9728K, reserved 1048576K
Event: 17.702 GC heap after
Heap after GC invocations=16 (full 3):
 PSYoungGen      total 197120K, used 15871K [0x00000000d5580000, 0x00000000e5080000, 0x0000000100000000)
  eden space 181248K, 0% used [0x00000000d5580000,0x00000000d5580000,0x00000000e0680000)
  from space 15872K, 99% used [0x00000000e0680000,0x00000000e15ffeb8,0x00000000e1600000)
  to   space 18944K, 0% used [0x00000000e3e00000,0x00000000e3e00000,0x00000000e5080000)
 ParOldGen       total 130560K, used 35028K [0x0000000080000000, 0x0000000087f80000, 0x00000000d5580000)
  object space 130560K, 26% used [0x0000000080000000,0x0000000082235380,0x0000000087f80000)
 Metaspace       used 65246K, capacity 68960K, committed 69080K, reserved 1107968K
  class space    used 8944K, capacity 9689K, committed 9728K, reserved 1048576K
}
Event: 19.994 GC heap before
{Heap before GC invocations=17 (full 3):
 PSYoungGen      total 197120K, used 197119K [0x00000000d5580000, 0x00000000e5080000, 0x0000000100000000)
  eden space 181248K, 100% used [0x00000000d5580000,0x00000000e0680000,0x00000000e0680000)
  from space 15872K, 99% used [0x00000000e0680000,0x00000000e15ffeb8,0x00000000e1600000)
  to   space 18944K, 0% used [0x00000000e3e00000,0x00000000e3e00000,0x00000000e5080000)
 ParOldGen       total 130560K, used 35028K [0x0000000080000000, 0x0000000087f80000, 0x00000000d5580000)
  object space 130560K, 26% used [0x0000000080000000,0x0000000082235380,0x0000000087f80000)
 Metaspace       used 69368K, capacity 73284K, committed 73432K, reserved 1112064K
  class space    used 9452K, capacity 10179K, committed 10240K, reserved 1048576K
Event: 20.048 GC heap after
Heap after GC invocations=17 (full 3):
 PSYoungGen      total 237568K, used 13495K [0x00000000d5580000, 0x00000000e5300000, 0x0000000100000000)
  eden space 218624K, 0% used [0x00000000d5580000,0x00000000d5580000,0x00000000e2b00000)
  from space 18944K, 71% used [0x00000000e3e00000,0x00000000e4b2de18,0x00000000e5080000)
  to   space 19456K, 0% used [0x00000000e2b00000,0x00000000e2b00000,0x00000000e3e00000)
 ParOldGen       total 130560K, used 47063K [0x0000000080000000, 0x0000000087f80000, 0x00000000d5580000)
  object space 130560K, 36% used [0x0000000080000000,0x0000000082df5ca0,0x0000000087f80000)
 Metaspace       used 69368K, capacity 73284K, committed 73432K, reserved 1112064K
  class space    used 9452K, capacity 10179K, committed 10240K, reserved 1048576K
}
Event: 25.351 GC heap before
{Heap before GC invocations=18 (full 3):
 PSYoungGen      total 237568K, used 232106K [0x00000000d5580000, 0x00000000e5300000, 0x0000000100000000)
  eden space 218624K, 99% used [0x00000000d5580000,0x00000000e2afccf0,0x00000000e2b00000)
  from space 18944K, 71% used [0x00000000e3e00000,0x00000000e4b2de18,0x00000000e5080000)
  to   space 19456K, 0% used [0x00000000e2b00000,0x00000000e2b00000,0x00000000e3e00000)
 ParOldGen       total 130560K, used 47063K [0x0000000080000000, 0x0000000087f80000, 0x00000000d5580000)
  object space 130560K, 36% used [0x0000000080000000,0x0000000082df5ca0,0x0000000087f80000)
 Metaspace       used 73106K, capacity 77176K, committed 77272K, reserved 1116160K
  class space    used 9916K, capacity 10687K, committed 10752K, reserved 1048576K
Event: 25.383 GC heap after
Heap after GC invocations=18 (full 3):
 PSYoungGen      total 238080K, used 19427K [0x00000000d5580000, 0x00000000e5300000, 0x0000000100000000)
  eden space 218624K, 0% used [0x00000000d5580000,0x00000000d5580000,0x00000000e2b00000)
  from space 19456K, 99% used [0x00000000e2b00000,0x00000000e3df8f48,0x00000000e3e00000)
  to   space 18944K, 0% used [0x00000000e3e00000,0x00000000e3e00000,0x00000000e5080000)
 ParOldGen       total 130560K, used 47538K [0x0000000080000000, 0x0000000087f80000, 0x00000000d5580000)
  object space 130560K, 36% used [0x0000000080000000,0x0000000082e6c900,0x0000000087f80000)
 Metaspace       used 73106K, capacity 77176K, committed 77272K, reserved 1116160K
  class space    used 9916K, capacity 10687K, committed 10752K, reserved 1048576K
}

