# JRE version: OpenJDK Runtime Environment (8.0_242-b01) (build 1.8.0_242-release-1644-b01)
# Java VM: OpenJDK 64-Bit Server VM (25.242-b01 mixed mode windows-amd64 compressed oops)
Heap:
 PSYoungGen      total 196096K, used 19736K [0x00000000d5580000, 0x00000000e2e00000, 0x0000000100000000)
  eden space 182784K, 3% used [0x00000000d5580000,0x00000000d5bcd3c0,0x00000000e0800000)
  from space 13312K, 99% used [0x00000000e1400000,0x00000000e20f8d20,0x00000000e2100000)
  to   space 9728K, 0% used [0x00000000e2480000,0x00000000e2480000,0x00000000e2e00000)
 ParOldGen       total 66048K, used 31625K [0x0000000080000000, 0x0000000084080000, 0x00000000d5580000)
  object space 66048K, 47% used [0x0000000080000000,0x0000000081ee27c8,0x0000000084080000)
 Metaspace       used 54430K, capacity 56652K, committed 56744K, reserved 1097728K
  class space    used 7267K, capacity 7757K, committed 7848K, reserved 1048576K
GC Heap History (10 events):
Event: 5.751 GC heap before
{Heap before GC invocations=9 (full 1):
 PSYoungGen      total 76800K, used 66048K [0x00000000d5580000, 0x00000000deb80000, 0x0000000100000000)
  eden space 66048K, 100% used [0x00000000d5580000,0x00000000d9600000,0x00000000d9600000)
  from space 10752K, 0% used [0x00000000d9600000,0x00000000d9600000,0x00000000da080000)
  to   space 10752K, 0% used [0x00000000de100000,0x00000000de100000,0x00000000deb80000)
 ParOldGen       total 46080K, used 6640K [0x0000000080000000, 0x0000000082d00000, 0x00000000d5580000)
  object space 46080K, 14% used [0x0000000080000000,0x000000008067c340,0x0000000082d00000)
 Metaspace       used 28808K, capacity 29638K, committed 29872K, reserved 1075200K
  class space    used 3987K, capacity 4229K, committed 4272K, reserved 1048576K
Event: 5.760 GC heap after
Heap after GC invocations=9 (full 1):
 PSYoungGen      total 136704K, used 8635K [0x00000000d5580000, 0x00000000de980000, 0x0000000100000000)
  eden space 128000K, 0% used [0x00000000d5580000,0x00000000d5580000,0x00000000dd280000)
  from space 8704K, 99% used [0x00000000de100000,0x00000000de96eea8,0x00000000de980000)
  to   space 11776K, 0% used [0x00000000dd280000,0x00000000dd280000,0x00000000dde00000)
 ParOldGen       total 46080K, used 6648K [0x0000000080000000, 0x0000000082d00000, 0x00000000d5580000)
  object space 46080K, 14% used [0x0000000080000000,0x000000008067e340,0x0000000082d00000)
 Metaspace       used 28808K, capacity 29638K, committed 29872K, reserved 1075200K
  class space    used 3987K, capacity 4229K, committed 4272K, reserved 1048576K
}
Event: 6.672 GC heap before
{Heap before GC invocations=10 (full 1):
 PSYoungGen      total 136704K, used 105882K [0x00000000d5580000, 0x00000000de980000, 0x0000000100000000)
  eden space 128000K, 75% used [0x00000000d5580000,0x00000000db477990,0x00000000dd280000)
  from space 8704K, 99% used [0x00000000de100000,0x00000000de96eea8,0x00000000de980000)
  to   space 11776K, 0% used [0x00000000dd280000,0x00000000dd280000,0x00000000dde00000)
 ParOldGen       total 46080K, used 6648K [0x0000000080000000, 0x0000000082d00000, 0x00000000d5580000)
  object space 46080K, 14% used [0x0000000080000000,0x000000008067e340,0x0000000082d00000)
 Metaspace       used 34271K, capacity 35428K, committed 35496K, reserved 1079296K
  class space    used 4715K, capacity 5007K, committed 5032K, reserved 1048576K
Event: 6.689 GC heap after
Heap after GC invocations=10 (full 1):
 PSYoungGen      total 139776K, used 11606K [0x00000000d5580000, 0x00000000e3180000, 0x0000000100000000)
  eden space 128000K, 0% used [0x00000000d5580000,0x00000000d5580000,0x00000000dd280000)
  from space 11776K, 98% used [0x00000000dd280000,0x00000000dddd58b8,0x00000000dde00000)
  to   space 13312K, 0% used [0x00000000e2480000,0x00000000e2480000,0x00000000e3180000)
 ParOldGen       total 46080K, used 6656K [0x0000000080000000, 0x0000000082d00000, 0x00000000d5580000)
  object space 46080K, 14% used [0x0000000080000000,0x0000000080680340,0x0000000082d00000)
 Metaspace       used 34271K, capacity 35428K, committed 35496K, reserved 1079296K
  class space    used 4715K, capacity 5007K, committed 5032K, reserved 1048576K
}
Event: 6.690 GC heap before
{Heap before GC invocations=11 (full 2):
 PSYoungGen      total 139776K, used 11606K [0x00000000d5580000, 0x00000000e3180000, 0x0000000100000000)
  eden space 128000K, 0% used [0x00000000d5580000,0x00000000d5580000,0x00000000dd280000)
  from space 11776K, 98% used [0x00000000dd280000,0x00000000dddd58b8,0x00000000dde00000)
  to   space 13312K, 0% used [0x00000000e2480000,0x00000000e2480000,0x00000000e3180000)
 ParOldGen       total 46080K, used 6656K [0x0000000080000000, 0x0000000082d00000, 0x00000000d5580000)
  object space 46080K, 14% used [0x0000000080000000,0x0000000080680340,0x0000000082d00000)
 Metaspace       used 34271K, capacity 35428K, committed 35496K, reserved 1079296K
  class space    used 4715K, capacity 5007K, committed 5032K, reserved 1048576K
Event: 6.777 GC heap after
Heap after GC invocations=11 (full 2):
 PSYoungGen      total 139776K, used 0K [0x00000000d5580000, 0x00000000e3180000, 0x0000000100000000)
  eden space 128000K, 0% used [0x00000000d5580000,0x00000000d5580000,0x00000000dd280000)
  from space 11776K, 0% used [0x00000000dd280000,0x00000000dd280000,0x00000000dde00000)
  to   space 13312K, 0% used [0x00000000e2480000,0x00000000e2480000,0x00000000e3180000)
 ParOldGen       total 66048K, used 17789K [0x0000000080000000, 0x0000000084080000, 0x00000000d5580000)
  object space 66048K, 26% used [0x0000000080000000,0x000000008115f520,0x0000000084080000)
 Metaspace       used 34271K, capacity 35428K, committed 35496K, reserved 1079296K
  class space    used 4715K, capacity 5007K, committed 5032K, reserved 1048576K
}
Event: 7.827 GC heap before
{Heap before GC invocations=12 (full 2):
 PSYoungGen      total 139776K, used 128000K [0x00000000d5580000, 0x00000000e3180000, 0x0000000100000000)
  eden space 128000K, 100% used [0x00000000d5580000,0x00000000dd280000,0x00000000dd280000)
  from space 11776K, 0% used [0x00000000dd280000,0x00000000dd280000,0x00000000dde00000)
  to   space 13312K, 0% used [0x00000000e2480000,0x00000000e2480000,0x00000000e3180000)
 ParOldGen       total 66048K, used 17789K [0x0000000080000000, 0x0000000084080000, 0x00000000d5580000)
  object space 66048K, 26% used [0x0000000080000000,0x000000008115f520,0x0000000084080000)
 Metaspace       used 38143K, capacity 39932K, committed 40232K, reserved 1083392K
  class space    used 5254K, capacity 5623K, committed 5672K, reserved 1048576K
Event: 7.837 GC heap after
Heap after GC invocations=12 (full 2):
 PSYoungGen      total 192512K, used 9300K [0x00000000d5580000, 0x00000000e2e00000, 0x0000000100000000)
  eden space 182784K, 0% used [0x00000000d5580000,0x00000000d5580000,0x00000000e0800000)
  from space 9728K, 95% used [0x00000000e2480000,0x00000000e2d95380,0x00000000e2e00000)
  to   space 13312K, 0% used [0x00000000e1400000,0x00000000e1400000,0x00000000e2100000)
 ParOldGen       total 66048K, used 17797K [0x0000000080000000, 0x0000000084080000, 0x00000000d5580000)
  object space 66048K, 26% used [0x0000000080000000,0x0000000081161520,0x0000000084080000)
 Metaspace       used 38143K, capacity 39932K, committed 40232K, reserved 1083392K
  class space    used 5254K, capacity 5623K, committed 5672K, reserved 1048576K
}
Event: 11.559 GC heap before
{Heap before GC invocations=13 (full 2):
 PSYoungGen      total 192512K, used 192084K [0x00000000d5580000, 0x00000000e2e00000, 0x0000000100000000)
  eden space 182784K, 100% used [0x00000000d5580000,0x00000000e0800000,0x00000000e0800000)
  from space 9728K, 95% used [0x00000000e2480000,0x00000000e2d95380,0x00000000e2e00000)
  to   space 13312K, 0% used [0x00000000e1400000,0x00000000e1400000,0x00000000e2100000)
 ParOldGen       total 66048K, used 17797K [0x0000000080000000, 0x0000000084080000, 0x00000000d5580000)
  object space 66048K, 26% used [0x0000000080000000,0x0000000081161520,0x0000000084080000)
 Metaspace       used 53688K, capacity 55856K, committed 56104K, reserved 1097728K
  class space    used 7148K, capacity 7627K, committed 7720K, reserved 1048576K
Event: 11.614 GC heap after
Heap after GC invocations=13 (full 2):
 PSYoungGen      total 196096K, used 13283K [0x00000000d5580000, 0x00000000e2e00000, 0x0000000100000000)
  eden space 182784K, 0% used [0x00000000d5580000,0x00000000d5580000,0x00000000e0800000)
  from space 13312K, 99% used [0x00000000e1400000,0x00000000e20f8d20,0x00000000e2100000)
  to   space 9728K, 0% used [0x00000000e2480000,0x00000000e2480000,0x00000000e2e00000)
 ParOldGen       total 66048K, used 31625K [0x0000000080000000, 0x0000000084080000, 0x00000000d5580000)
  object space 66048K, 47% used [0x0000000080000000,0x0000000081ee27c8,0x0000000084080000)
 Metaspace       used 53688K, capacity 55856K, committed 56104K, reserved 1097728K
  class space    used 7148K, capacity 7627K, committed 7720K, reserved 1048576K
}

