# JRE version: OpenJDK Runtime Environment (8.0_242-b01) (build 1.8.0_242-release-1644-b01)
# Java VM: OpenJDK 64-Bit Server VM (25.242-b01 mixed mode windows-amd64 compressed oops)
Heap:
 PSYoungGen      total 214016K, used 94965K [0x00000000d5580000, 0x00000000e3f80000, 0x0000000100000000)
  eden space 197120K, 48% used [0x00000000d5580000,0x00000000db23d608,0x00000000e1600000)
  from space 16896K, 0% used [0x00000000e2600000,0x00000000e2600000,0x00000000e3680000)
  to   space 16384K, 0% used [0x00000000e1600000,0x00000000e1600000,0x00000000e2600000)
 ParOldGen       total 77824K, used 34851K [0x0000000080000000, 0x0000000084c00000, 0x00000000d5580000)
  object space 77824K, 44% used [0x0000000080000000,0x0000000082208e18,0x0000000084c00000)
 Metaspace       used 61765K, capacity 64378K, committed 64600K, reserved 1105920K
  class space    used 8461K, capacity 9051K, committed 9088K, reserved 1048576K
GC Heap History (10 events):
Event: 10.626 GC heap before
{Heap before GC invocations=11 (full 2):
 PSYoungGen      total 117760K, used 8486K [0x00000000d5580000, 0x00000000e0900000, 0x0000000100000000)
  eden space 105472K, 0% used [0x00000000d5580000,0x00000000d5580000,0x00000000dbc80000)
  from space 12288K, 69% used [0x00000000dbc80000,0x00000000dc4c9978,0x00000000dc880000)
  to   space 12288K, 0% used [0x00000000dfd00000,0x00000000dfd00000,0x00000000e0900000)
 ParOldGen       total 57856K, used 9057K [0x0000000080000000, 0x0000000083880000, 0x00000000d5580000)
  object space 57856K, 15% used [0x0000000080000000,0x00000000808d8750,0x0000000083880000)
 Metaspace       used 34010K, capacity 35222K, committed 35416K, reserved 1079296K
  class space    used 4664K, capacity 4962K, committed 4992K, reserved 1048576K
Event: 10.786 GC heap after
Heap after GC invocations=11 (full 2):
 PSYoungGen      total 117760K, used 0K [0x00000000d5580000, 0x00000000e0900000, 0x0000000100000000)
  eden space 105472K, 0% used [0x00000000d5580000,0x00000000d5580000,0x00000000dbc80000)
  from space 12288K, 0% used [0x00000000dbc80000,0x00000000dbc80000,0x00000000dc880000)
  to   space 12288K, 0% used [0x00000000dfd00000,0x00000000dfd00000,0x00000000e0900000)
 ParOldGen       total 77824K, used 15044K [0x0000000080000000, 0x0000000084c00000, 0x00000000d5580000)
  object space 77824K, 19% used [0x0000000080000000,0x0000000080eb1068,0x0000000084c00000)
 Metaspace       used 34010K, capacity 35222K, committed 35416K, reserved 1079296K
  class space    used 4664K, capacity 4962K, committed 4992K, reserved 1048576K
}
Event: 12.335 GC heap before
{Heap before GC invocations=12 (full 2):
 PSYoungGen      total 117760K, used 105472K [0x00000000d5580000, 0x00000000e0900000, 0x0000000100000000)
  eden space 105472K, 100% used [0x00000000d5580000,0x00000000dbc80000,0x00000000dbc80000)
  from space 12288K, 0% used [0x00000000dbc80000,0x00000000dbc80000,0x00000000dc880000)
  to   space 12288K, 0% used [0x00000000dfd00000,0x00000000dfd00000,0x00000000e0900000)
 ParOldGen       total 77824K, used 15044K [0x0000000080000000, 0x0000000084c00000, 0x00000000d5580000)
  object space 77824K, 19% used [0x0000000080000000,0x0000000080eb1068,0x0000000084c00000)
 Metaspace       used 36747K, capacity 38318K, committed 38360K, reserved 1083392K
  class space    used 5046K, capacity 5370K, committed 5376K, reserved 1048576K
Event: 12.349 GC heap after
Heap after GC invocations=12 (full 2):
 PSYoungGen      total 153600K, used 7237K [0x00000000d5580000, 0x00000000e0480000, 0x0000000100000000)
  eden space 145920K, 0% used [0x00000000d5580000,0x00000000d5580000,0x00000000de400000)
  from space 7680K, 94% used [0x00000000dfd00000,0x00000000e0411418,0x00000000e0480000)
  to   space 11776K, 0% used [0x00000000ded80000,0x00000000ded80000,0x00000000df900000)
 ParOldGen       total 77824K, used 15052K [0x0000000080000000, 0x0000000084c00000, 0x00000000d5580000)
  object space 77824K, 19% used [0x0000000080000000,0x0000000080eb3068,0x0000000084c00000)
 Metaspace       used 36747K, capacity 38318K, committed 38360K, reserved 1083392K
  class space    used 5046K, capacity 5370K, committed 5376K, reserved 1048576K
}
Event: 15.998 GC heap before
{Heap before GC invocations=13 (full 2):
 PSYoungGen      total 153600K, used 153157K [0x00000000d5580000, 0x00000000e0480000, 0x0000000100000000)
  eden space 145920K, 100% used [0x00000000d5580000,0x00000000de400000,0x00000000de400000)
  from space 7680K, 94% used [0x00000000dfd00000,0x00000000e0411418,0x00000000e0480000)
  to   space 11776K, 0% used [0x00000000ded80000,0x00000000ded80000,0x00000000df900000)
 ParOldGen       total 77824K, used 15052K [0x0000000080000000, 0x0000000084c00000, 0x00000000d5580000)
  object space 77824K, 19% used [0x0000000080000000,0x0000000080eb3068,0x0000000084c00000)
 Metaspace       used 51564K, capacity 53598K, committed 53720K, reserved 1095680K
  class space    used 6879K, capacity 7349K, committed 7424K, reserved 1048576K
Event: 16.032 GC heap after
Heap after GC invocations=13 (full 2):
 PSYoungGen      total 167424K, used 11753K [0x00000000d5580000, 0x00000000e3680000, 0x0000000100000000)
  eden space 155648K, 0% used [0x00000000d5580000,0x00000000d5580000,0x00000000ded80000)
  from space 11776K, 99% used [0x00000000ded80000,0x00000000df8fa628,0x00000000df900000)
  to   space 16896K, 0% used [0x00000000e2600000,0x00000000e2600000,0x00000000e3680000)
 ParOldGen       total 77824K, used 25597K [0x0000000080000000, 0x0000000084c00000, 0x00000000d5580000)
  object space 77824K, 32% used [0x0000000080000000,0x00000000818ff7d0,0x0000000084c00000)
 Metaspace       used 51564K, capacity 53598K, committed 53720K, reserved 1095680K
  class space    used 6879K, capacity 7349K, committed 7424K, reserved 1048576K
}
Event: 17.943 GC heap before
{Heap before GC invocations=14 (full 2):
 PSYoungGen      total 167424K, used 96111K [0x00000000d5580000, 0x00000000e3680000, 0x0000000100000000)
  eden space 155648K, 54% used [0x00000000d5580000,0x00000000da7e1788,0x00000000ded80000)
  from space 11776K, 99% used [0x00000000ded80000,0x00000000df8fa628,0x00000000df900000)
  to   space 16896K, 0% used [0x00000000e2600000,0x00000000e2600000,0x00000000e3680000)
 ParOldGen       total 77824K, used 25597K [0x0000000080000000, 0x0000000084c00000, 0x00000000d5580000)
  object space 77824K, 32% used [0x0000000080000000,0x00000000818ff7d0,0x0000000084c00000)
 Metaspace       used 56482K, capacity 58808K, committed 58968K, reserved 1099776K
  class space    used 7644K, capacity 8195K, committed 8320K, reserved 1048576K
Event: 17.979 GC heap after
Heap after GC invocations=14 (full 2):
 PSYoungGen      total 214016K, used 9831K [0x00000000d5580000, 0x00000000e3f80000, 0x0000000100000000)
  eden space 197120K, 0% used [0x00000000d5580000,0x00000000d5580000,0x00000000e1600000)
  from space 16896K, 58% used [0x00000000e2600000,0x00000000e2f99ff8,0x00000000e3680000)
  to   space 16384K, 0% used [0x00000000e1600000,0x00000000e1600000,0x00000000e2600000)
 ParOldGen       total 77824K, used 33444K [0x0000000080000000, 0x0000000084c00000, 0x00000000d5580000)
  object space 77824K, 42% used [0x0000000080000000,0x00000000820a9118,0x0000000084c00000)
 Metaspace       used 56482K, capacity 58808K, committed 58968K, reserved 1099776K
  class space    used 7644K, capacity 8195K, committed 8320K, reserved 1048576K
}
Event: 17.979 GC heap before
{Heap before GC invocations=15 (full 3):
 PSYoungGen      total 214016K, used 9831K [0x00000000d5580000, 0x00000000e3f80000, 0x0000000100000000)
  eden space 197120K, 0% used [0x00000000d5580000,0x00000000d5580000,0x00000000e1600000)
  from space 16896K, 58% used [0x00000000e2600000,0x00000000e2f99ff8,0x00000000e3680000)
  to   space 16384K, 0% used [0x00000000e1600000,0x00000000e1600000,0x00000000e2600000)
 ParOldGen       total 77824K, used 33444K [0x0000000080000000, 0x0000000084c00000, 0x00000000d5580000)
  object space 77824K, 42% used [0x0000000080000000,0x00000000820a9118,0x0000000084c00000)
 Metaspace       used 56482K, capacity 58808K, committed 58968K, reserved 1099776K
  class space    used 7644K, capacity 8195K, committed 8320K, reserved 1048576K
Event: 18.474 GC heap after
Heap after GC invocations=15 (full 3):
 PSYoungGen      total 214016K, used 0K [0x00000000d5580000, 0x00000000e3f80000, 0x0000000100000000)
  eden space 197120K, 0% used [0x00000000d5580000,0x00000000d5580000,0x00000000e1600000)
  from space 16896K, 0% used [0x00000000e2600000,0x00000000e2600000,0x00000000e3680000)
  to   space 16384K, 0% used [0x00000000e1600000,0x00000000e1600000,0x00000000e2600000)
 ParOldGen       total 77824K, used 34851K [0x0000000080000000, 0x0000000084c00000, 0x00000000d5580000)
  object space 77824K, 44% used [0x0000000080000000,0x0000000082208e18,0x0000000084c00000)
 Metaspace       used 56463K, capacity 58742K, committed 58968K, reserved 1099776K
  class space    used 7638K, capacity 8184K, committed 8320K, reserved 1048576K
}

