# JRE version: OpenJDK Runtime Environment (8.0_242-b01) (build 1.8.0_242-release-1644-b01)
# Java VM: OpenJDK 64-Bit Server VM (25.242-b01 mixed mode windows-amd64 compressed oops)
Heap:
 PSYoungGen      total 623104K, used 567687K [0x00000000d5580000, 0x00000000fff80000, 0x0000000100000000)
  eden space 555520K, 99% used [0x00000000d5580000,0x00000000f72d6a38,0x00000000f7400000)
  from space 67584K, 19% used [0x00000000f7400000,0x00000000f810b370,0x00000000fb600000)
  to   space 65024K, 0% used [0x00000000fc000000,0x00000000fc000000,0x00000000fff80000)
 ParOldGen       total 348672K, used 214404K [0x0000000080000000, 0x0000000095480000, 0x00000000d5580000)
  object space 348672K, 61% used [0x0000000080000000,0x000000008d1612b8,0x0000000095480000)
 Metaspace       used 112102K, capacity 118616K, committed 120524K, reserved 1153024K
  class space    used 14246K, capacity 15535K, committed 16384K, reserved 1048576K
GC Heap History (10 events):
Event: 240.150 GC heap before
{Heap before GC invocations=65 (full 7):
 PSYoungGen      total 605696K, used 541669K [0x00000000d5580000, 0x00000000ffd80000, 0x0000000100000000)
  eden space 524800K, 100% used [0x00000000d5580000,0x00000000f5600000,0x00000000f5600000)
  from space 80896K, 20% used [0x00000000f5600000,0x00000000f66797b0,0x00000000fa500000)
  to   space 77312K, 0% used [0x00000000fb200000,0x00000000fb200000,0x00000000ffd80000)
 ParOldGen       total 359936K, used 328256K [0x0000000080000000, 0x0000000095f80000, 0x00000000d5580000)
  object space 359936K, 91% used [0x0000000080000000,0x00000000940901b8,0x0000000095f80000)
 Metaspace       used 112078K, capacity 118552K, committed 120524K, reserved 1153024K
  class space    used 14246K, capacity 15535K, committed 16384K, reserved 1048576K
Event: 240.191 GC heap after
Heap after GC invocations=65 (full 7):
 PSYoungGen      total 608768K, used 19835K [0x00000000d5580000, 0x00000000ff480000, 0x0000000100000000)
  eden space 540672K, 0% used [0x00000000d5580000,0x00000000d5580000,0x00000000f6580000)
  from space 68096K, 29% used [0x00000000fb200000,0x00000000fc55ef68,0x00000000ff480000)
  to   space 73216K, 0% used [0x00000000f6580000,0x00000000f6580000,0x00000000fad00000)
 ParOldGen       total 359936K, used 337986K [0x0000000080000000, 0x0000000095f80000, 0x00000000d5580000)
  object space 359936K, 93% used [0x0000000080000000,0x0000000094a109b0,0x0000000095f80000)
 Metaspace       used 112078K, capacity 118552K, committed 120524K, reserved 1153024K
  class space    used 14246K, capacity 15535K, committed 16384K, reserved 1048576K
}
Event: 240.191 GC heap before
{Heap before GC invocations=66 (full 8):
 PSYoungGen      total 608768K, used 19835K [0x00000000d5580000, 0x00000000ff480000, 0x0000000100000000)
  eden space 540672K, 0% used [0x00000000d5580000,0x00000000d5580000,0x00000000f6580000)
  from space 68096K, 29% used [0x00000000fb200000,0x00000000fc55ef68,0x00000000ff480000)
  to   space 73216K, 0% used [0x00000000f6580000,0x00000000f6580000,0x00000000fad00000)
 ParOldGen       total 359936K, used 337986K [0x0000000080000000, 0x0000000095f80000, 0x00000000d5580000)
  object space 359936K, 93% used [0x0000000080000000,0x0000000094a109b0,0x0000000095f80000)
 Metaspace       used 112078K, capacity 118552K, committed 120524K, reserved 1153024K
  class space    used 14246K, capacity 15535K, committed 16384K, reserved 1048576K
Event: 241.540 GC heap after
Heap after GC invocations=66 (full 8):
 PSYoungGen      total 608768K, used 0K [0x00000000d5580000, 0x00000000ff480000, 0x0000000100000000)
  eden space 540672K, 0% used [0x00000000d5580000,0x00000000d5580000,0x00000000f6580000)
  from space 68096K, 0% used [0x00000000fb200000,0x00000000fb200000,0x00000000ff480000)
  to   space 73216K, 0% used [0x00000000f6580000,0x00000000f6580000,0x00000000fad00000)
 ParOldGen       total 348672K, used 187214K [0x0000000080000000, 0x0000000095480000, 0x00000000d5580000)
  object space 348672K, 53% used [0x0000000080000000,0x000000008b6d3be8,0x0000000095480000)
 Metaspace       used 112078K, capacity 118552K, committed 120524K, reserved 1153024K
  class space    used 14246K, capacity 15535K, committed 16384K, reserved 1048576K
}
Event: 242.413 GC heap before
{Heap before GC invocations=67 (full 8):
 PSYoungGen      total 608768K, used 540672K [0x00000000d5580000, 0x00000000ff480000, 0x0000000100000000)
  eden space 540672K, 100% used [0x00000000d5580000,0x00000000f6580000,0x00000000f6580000)
  from space 68096K, 0% used [0x00000000fb200000,0x00000000fb200000,0x00000000ff480000)
  to   space 73216K, 0% used [0x00000000f6580000,0x00000000f6580000,0x00000000fad00000)
 ParOldGen       total 348672K, used 187214K [0x0000000080000000, 0x0000000095480000, 0x00000000d5580000)
  object space 348672K, 53% used [0x0000000080000000,0x000000008b6d3be8,0x0000000095480000)
 Metaspace       used 112090K, capacity 118552K, committed 120524K, reserved 1153024K
  class space    used 14246K, capacity 15535K, committed 16384K, reserved 1048576K
Event: 242.445 GC heap after
Heap after GC invocations=67 (full 8):
 PSYoungGen      total 613888K, used 15277K [0x00000000d5580000, 0x00000000fff00000, 0x0000000100000000)
  eden space 540672K, 0% used [0x00000000d5580000,0x00000000d5580000,0x00000000f6580000)
  from space 73216K, 20% used [0x00000000f6580000,0x00000000f746b778,0x00000000fad00000)
  to   space 70144K, 0% used [0x00000000fba80000,0x00000000fba80000,0x00000000fff00000)
 ParOldGen       total 348672K, used 187222K [0x0000000080000000, 0x0000000095480000, 0x00000000d5580000)
  object space 348672K, 53% used [0x0000000080000000,0x000000008b6d5be8,0x0000000095480000)
 Metaspace       used 112090K, capacity 118552K, committed 120524K, reserved 1153024K
  class space    used 14246K, capacity 15535K, committed 16384K, reserved 1048576K
}
Event: 243.528 GC heap before
{Heap before GC invocations=68 (full 8):
 PSYoungGen      total 613888K, used 555949K [0x00000000d5580000, 0x00000000fff00000, 0x0000000100000000)
  eden space 540672K, 100% used [0x00000000d5580000,0x00000000f6580000,0x00000000f6580000)
  from space 73216K, 20% used [0x00000000f6580000,0x00000000f746b778,0x00000000fad00000)
  to   space 70144K, 0% used [0x00000000fba80000,0x00000000fba80000,0x00000000fff00000)
 ParOldGen       total 348672K, used 187222K [0x0000000080000000, 0x0000000095480000, 0x00000000d5580000)
  object space 348672K, 53% used [0x0000000080000000,0x000000008b6d5be8,0x0000000095480000)
 Metaspace       used 112092K, capacity 118616K, committed 120524K, reserved 1153024K
  class space    used 14246K, capacity 15535K, committed 16384K, reserved 1048576K
Event: 243.617 GC heap after
Heap after GC invocations=68 (full 8):
 PSYoungGen      total 618496K, used 29381K [0x00000000d5580000, 0x00000000ff800000, 0x0000000100000000)
  eden space 555520K, 0% used [0x00000000d5580000,0x00000000d5580000,0x00000000f7400000)
  from space 62976K, 46% used [0x00000000fba80000,0x00000000fd731538,0x00000000ff800000)
  to   space 67584K, 0% used [0x00000000f7400000,0x00000000f7400000,0x00000000fb600000)
 ParOldGen       total 348672K, used 194561K [0x0000000080000000, 0x0000000095480000, 0x00000000d5580000)
  object space 348672K, 55% used [0x0000000080000000,0x000000008be00490,0x0000000095480000)
 Metaspace       used 112092K, capacity 118616K, committed 120524K, reserved 1153024K
  class space    used 14246K, capacity 15535K, committed 16384K, reserved 1048576K
}
Event: 244.244 GC heap before
{Heap before GC invocations=69 (full 8):
 PSYoungGen      total 618496K, used 584901K [0x00000000d5580000, 0x00000000ff800000, 0x0000000100000000)
  eden space 555520K, 100% used [0x00000000d5580000,0x00000000f7400000,0x00000000f7400000)
  from space 62976K, 46% used [0x00000000fba80000,0x00000000fd731538,0x00000000ff800000)
  to   space 67584K, 0% used [0x00000000f7400000,0x00000000f7400000,0x00000000fb600000)
 ParOldGen       total 348672K, used 194561K [0x0000000080000000, 0x0000000095480000, 0x00000000d5580000)
  object space 348672K, 55% used [0x0000000080000000,0x000000008be00490,0x0000000095480000)
 Metaspace       used 112099K, capacity 118616K, committed 120524K, reserved 1153024K
  class space    used 14246K, capacity 15535K, committed 16384K, reserved 1048576K
Event: 244.300 GC heap after
Heap after GC invocations=69 (full 8):
 PSYoungGen      total 623104K, used 13356K [0x00000000d5580000, 0x00000000fff80000, 0x0000000100000000)
  eden space 555520K, 0% used [0x00000000d5580000,0x00000000d5580000,0x00000000f7400000)
  from space 67584K, 19% used [0x00000000f7400000,0x00000000f810b370,0x00000000fb600000)
  to   space 65024K, 0% used [0x00000000fc000000,0x00000000fc000000,0x00000000fff80000)
 ParOldGen       total 348672K, used 214404K [0x0000000080000000, 0x0000000095480000, 0x00000000d5580000)
  object space 348672K, 61% used [0x0000000080000000,0x000000008d1612b8,0x0000000095480000)
 Metaspace       used 112099K, capacity 118616K, committed 120524K, reserved 1153024K
  class space    used 14246K, capacity 15535K, committed 16384K, reserved 1048576K
}

