# JRE version: OpenJDK Runtime Environment (8.0_242-b01) (build 1.8.0_242-release-1644-b01)
# Java VM: OpenJDK 64-Bit Server VM (25.242-b01 mixed mode windows-amd64 compressed oops)
Heap:
 PSYoungGen      total 597504K, used 533973K [0x00000000d5580000, 0x0000000100000000, 0x0000000100000000)
  eden space 547328K, 88% used [0x00000000d5580000,0x00000000f2df8830,0x00000000f6c00000)
  from space 50176K, 99% used [0x00000000f6c00000,0x00000000f9cfcf90,0x00000000f9d00000)
  to   space 64512K, 0% used [0x00000000fc100000,0x00000000fc100000,0x0000000100000000)
 ParOldGen       total 237568K, used 115903K [0x0000000080000000, 0x000000008e800000, 0x00000000d5580000)
  object space 237568K, 48% used [0x0000000080000000,0x000000008712ff78,0x000000008e800000)
 Metaspace       used 88513K, capacity 93020K, committed 94424K, reserved 1130496K
  class space    used 11769K, capacity 12652K, committed 13056K, reserved 1048576K
GC Heap History (10 events):
Event: 46.717 GC heap before
{Heap before GC invocations=27 (full 3):
 PSYoungGen      total 431616K, used 403801K [0x00000000d5580000, 0x00000000f6480000, 0x0000000100000000)
  eden space 398848K, 100% used [0x00000000d5580000,0x00000000edb00000,0x00000000edb00000)
  from space 32768K, 15% used [0x00000000edb00000,0x00000000edfd6710,0x00000000efb00000)
  to   space 32768K, 0% used [0x00000000f4480000,0x00000000f4480000,0x00000000f6480000)
 ParOldGen       total 140288K, used 107891K [0x0000000080000000, 0x0000000088900000, 0x00000000d5580000)
  object space 140288K, 76% used [0x0000000080000000,0x000000008695cf20,0x0000000088900000)
 Metaspace       used 78657K, capacity 82734K, committed 83032K, reserved 1120256K
  class space    used 10487K, capacity 11271K, committed 11392K, reserved 1048576K
Event: 46.770 GC heap after
Heap after GC invocations=27 (full 3):
 PSYoungGen      total 489472K, used 24717K [0x00000000d5580000, 0x00000000f5e00000, 0x0000000100000000)
  eden space 463360K, 0% used [0x00000000d5580000,0x00000000d5580000,0x00000000f1a00000)
  from space 26112K, 94% used [0x00000000f4480000,0x00000000f5ca35b0,0x00000000f5e00000)
  to   space 34816K, 0% used [0x00000000f1a00000,0x00000000f1a00000,0x00000000f3c00000)
 ParOldGen       total 140288K, used 107899K [0x0000000080000000, 0x0000000088900000, 0x00000000d5580000)
  object space 140288K, 76% used [0x0000000080000000,0x000000008695ef20,0x0000000088900000)
 Metaspace       used 78657K, capacity 82734K, committed 83032K, reserved 1120256K
  class space    used 10487K, capacity 11271K, committed 11392K, reserved 1048576K
}
Event: 48.167 GC heap before
{Heap before GC invocations=28 (full 3):
 PSYoungGen      total 489472K, used 488077K [0x00000000d5580000, 0x00000000f5e00000, 0x0000000100000000)
  eden space 463360K, 100% used [0x00000000d5580000,0x00000000f1a00000,0x00000000f1a00000)
  from space 26112K, 94% used [0x00000000f4480000,0x00000000f5ca35b0,0x00000000f5e00000)
  to   space 34816K, 0% used [0x00000000f1a00000,0x00000000f1a00000,0x00000000f3c00000)
 ParOldGen       total 140288K, used 107899K [0x0000000080000000, 0x0000000088900000, 0x00000000d5580000)
  object space 140288K, 76% used [0x0000000080000000,0x000000008695ef20,0x0000000088900000)
 Metaspace       used 78714K, capacity 82876K, committed 83032K, reserved 1120256K
  class space    used 10490K, capacity 11274K, committed 11392K, reserved 1048576K
Event: 48.582 GC heap after
Heap after GC invocations=28 (full 3):
 PSYoungGen      total 498176K, used 34797K [0x00000000d5580000, 0x00000000fc980000, 0x0000000100000000)
  eden space 463360K, 0% used [0x00000000d5580000,0x00000000d5580000,0x00000000f1a00000)
  from space 34816K, 99% used [0x00000000f1a00000,0x00000000f3bfb438,0x00000000f3c00000)
  to   space 44032K, 0% used [0x00000000f9e80000,0x00000000f9e80000,0x00000000fc980000)
 ParOldGen       total 140288K, used 118302K [0x0000000080000000, 0x0000000088900000, 0x00000000d5580000)
  object space 140288K, 84% used [0x0000000080000000,0x0000000087387950,0x0000000088900000)
 Metaspace       used 78714K, capacity 82876K, committed 83032K, reserved 1120256K
  class space    used 10490K, capacity 11274K, committed 11392K, reserved 1048576K
}
Event: 56.347 GC heap before
{Heap before GC invocations=29 (full 3):
 PSYoungGen      total 498176K, used 498157K [0x00000000d5580000, 0x00000000fc980000, 0x0000000100000000)
  eden space 463360K, 100% used [0x00000000d5580000,0x00000000f1a00000,0x00000000f1a00000)
  from space 34816K, 99% used [0x00000000f1a00000,0x00000000f3bfb438,0x00000000f3c00000)
  to   space 44032K, 0% used [0x00000000f9e80000,0x00000000f9e80000,0x00000000fc980000)
 ParOldGen       total 140288K, used 118302K [0x0000000080000000, 0x0000000088900000, 0x00000000d5580000)
  object space 140288K, 84% used [0x0000000080000000,0x0000000087387950,0x0000000088900000)
 Metaspace       used 87124K, capacity 92352K, committed 92504K, reserved 1128448K
  class space    used 11824K, capacity 12818K, committed 12928K, reserved 1048576K
Event: 56.420 GC heap after
Heap after GC invocations=29 (full 3):
 PSYoungGen      total 591360K, used 41407K [0x00000000d5580000, 0x00000000fce00000, 0x0000000100000000)
  eden space 547328K, 0% used [0x00000000d5580000,0x00000000d5580000,0x00000000f6c00000)
  from space 44032K, 94% used [0x00000000f9e80000,0x00000000fc6efd08,0x00000000fc980000)
  to   space 50176K, 0% used [0x00000000f6c00000,0x00000000f6c00000,0x00000000f9d00000)
 ParOldGen       total 140288K, used 129162K [0x0000000080000000, 0x0000000088900000, 0x00000000d5580000)
  object space 140288K, 92% used [0x0000000080000000,0x0000000087e22bc0,0x0000000088900000)
 Metaspace       used 87124K, capacity 92352K, committed 92504K, reserved 1128448K
  class space    used 11824K, capacity 12818K, committed 12928K, reserved 1048576K
}
Event: 56.420 GC heap before
{Heap before GC invocations=30 (full 4):
 PSYoungGen      total 591360K, used 41407K [0x00000000d5580000, 0x00000000fce00000, 0x0000000100000000)
  eden space 547328K, 0% used [0x00000000d5580000,0x00000000d5580000,0x00000000f6c00000)
  from space 44032K, 94% used [0x00000000f9e80000,0x00000000fc6efd08,0x00000000fc980000)
  to   space 50176K, 0% used [0x00000000f6c00000,0x00000000f6c00000,0x00000000f9d00000)
 ParOldGen       total 140288K, used 129162K [0x0000000080000000, 0x0000000088900000, 0x00000000d5580000)
  object space 140288K, 92% used [0x0000000080000000,0x0000000087e22bc0,0x0000000088900000)
 Metaspace       used 87124K, capacity 92352K, committed 92504K, reserved 1128448K
  class space    used 11824K, capacity 12818K, committed 12928K, reserved 1048576K
Event: 57.831 GC heap after
Heap after GC invocations=30 (full 4):
 PSYoungGen      total 591360K, used 0K [0x00000000d5580000, 0x00000000fce00000, 0x0000000100000000)
  eden space 547328K, 0% used [0x00000000d5580000,0x00000000d5580000,0x00000000f6c00000)
  from space 44032K, 0% used [0x00000000f9e80000,0x00000000f9e80000,0x00000000fc980000)
  to   space 50176K, 0% used [0x00000000f6c00000,0x00000000f6c00000,0x00000000f9d00000)
 ParOldGen       total 237568K, used 99202K [0x0000000080000000, 0x000000008e800000, 0x00000000d5580000)
  object space 237568K, 41% used [0x0000000080000000,0x00000000860e0810,0x000000008e800000)
 Metaspace       used 86475K, capacity 90566K, committed 92504K, reserved 1128448K
  class space    used 11610K, capacity 12439K, committed 12928K, reserved 1048576K
}
Event: 61.571 GC heap before
{Heap before GC invocations=31 (full 4):
 PSYoungGen      total 591360K, used 547328K [0x00000000d5580000, 0x00000000fce00000, 0x0000000100000000)
  eden space 547328K, 100% used [0x00000000d5580000,0x00000000f6c00000,0x00000000f6c00000)
  from space 44032K, 0% used [0x00000000f9e80000,0x00000000f9e80000,0x00000000fc980000)
  to   space 50176K, 0% used [0x00000000f6c00000,0x00000000f6c00000,0x00000000f9d00000)
 ParOldGen       total 237568K, used 99202K [0x0000000080000000, 0x000000008e800000, 0x00000000d5580000)
  object space 237568K, 41% used [0x0000000080000000,0x00000000860e0810,0x000000008e800000)
 Metaspace       used 88185K, capacity 92608K, committed 94040K, reserved 1130496K
  class space    used 11730K, capacity 12610K, committed 12928K, reserved 1048576K
Event: 61.820 GC heap after
Heap after GC invocations=31 (full 4):
 PSYoungGen      total 597504K, used 50163K [0x00000000d5580000, 0x0000000100000000, 0x0000000100000000)
  eden space 547328K, 0% used [0x00000000d5580000,0x00000000d5580000,0x00000000f6c00000)
  from space 50176K, 99% used [0x00000000f6c00000,0x00000000f9cfcf90,0x00000000f9d00000)
  to   space 64512K, 0% used [0x00000000fc100000,0x00000000fc100000,0x0000000100000000)
 ParOldGen       total 237568K, used 115903K [0x0000000080000000, 0x000000008e800000, 0x00000000d5580000)
  object space 237568K, 48% used [0x0000000080000000,0x000000008712ff78,0x000000008e800000)
 Metaspace       used 88185K, capacity 92608K, committed 94040K, reserved 1130496K
  class space    used 11730K, capacity 12610K, committed 12928K, reserved 1048576K
}

